0 verbose cli C:\Program Files\nodejs\node.exe C:\Users\Bravin\A_stories\s_weaver\backend\UsersBravinAppDataRoamingnpm\node_modules\npm\bin\npm-cli.js
1 info using npm@10.8.2
2 info using node@v20.15.0
3 silly config load:file:C:\Users\Bravin\A_stories\s_weaver\backend\UsersBravinAppDataRoamingnpm\node_modules\npm\npmrc
4 silly config load:file:C:\Users\Bravin\A_stories\s_weaver\.npmrc
5 silly config load:file:C:\Users\Bravin\.npmrc
6 silly config load:file:C:\Users\Bravin\A_stories\s_weaver\backend\UsersBravinAppDataRoamingnpm\etc\npmrc
7 verbose title npm install multer
8 verbose argv "install" "multer"
9 verbose logfile logs-max:10 dir:C:\Users\Bravin\A_stories\s_weaver\backend\UsersBravinAppDataLocalnpm-cache\_logs\2024-09-26T01_11_36_551Z-
10 verbose logfile C:\Users\Bravin\A_stories\s_weaver\backend\UsersBravinAppDataLocalnpm-cache\_logs\2024-09-26T01_11_36_551Z-debug-0.log
11 silly packumentCache heap:2197815296 maxSize:549453824 maxEntrySize:274726912
12 silly logfile done cleaning log files
13 silly idealTree buildDeps
14 silly fetch manifest multer@*
15 silly packumentCache full:https://registry.npmjs.org/multer cache-miss
16 http fetch GET 200 https://registry.npmjs.org/npm 6642ms
17 http fetch GET 200 https://registry.npmjs.org/multer 11741ms (cache miss)
18 silly packumentCache full:https://registry.npmjs.org/multer set size:undefined disposed:false
19 silly placeDep ROOT multer@1.4.5-lts.1 OK for: s_weaver@0.1.0 want: *
20 silly fetch manifest append-field@^1.0.0
21 silly packumentCache full:https://registry.npmjs.org/append-field cache-miss
22 silly fetch manifest busboy@^1.0.0
23 silly packumentCache full:https://registry.npmjs.org/busboy cache-miss
24 silly fetch manifest concat-stream@^1.5.2
25 silly packumentCache full:https://registry.npmjs.org/concat-stream cache-miss
26 http fetch GET 200 https://registry.npmjs.org/busboy 349ms (cache miss)
27 silly packumentCache full:https://registry.npmjs.org/busboy set size:undefined disposed:false
28 silly fetch manifest xtend@^4.0.0
29 silly packumentCache full:https://registry.npmjs.org/xtend cache-miss
30 http fetch GET 200 https://registry.npmjs.org/append-field 388ms (cache miss)
31 silly packumentCache full:https://registry.npmjs.org/append-field set size:undefined disposed:false
32 http fetch GET 200 https://registry.npmjs.org/concat-stream 521ms (cache miss)
33 silly packumentCache full:https://registry.npmjs.org/concat-stream set size:undefined disposed:false
34 http fetch GET 200 https://registry.npmjs.org/xtend 290ms (cache miss)
35 silly packumentCache full:https://registry.npmjs.org/xtend set size:undefined disposed:false
36 silly placeDep ROOT append-field@1.0.0 OK for: multer@1.4.5-lts.1 want: ^1.0.0
37 silly placeDep ROOT busboy@1.6.0 OK for: multer@1.4.5-lts.1 want: ^1.0.0
38 silly placeDep ROOT concat-stream@1.6.2 OK for: multer@1.4.5-lts.1 want: ^1.5.2
39 silly placeDep ROOT xtend@4.0.2 OK for: multer@1.4.5-lts.1 want: ^4.0.0
40 silly fetch manifest streamsearch@^1.1.0
41 silly packumentCache full:https://registry.npmjs.org/streamsearch cache-miss
42 silly fetch manifest readable-stream@^2.2.2
43 silly packumentCache full:https://registry.npmjs.org/readable-stream cache-miss
44 silly fetch manifest typedarray@^0.0.6
45 silly packumentCache full:https://registry.npmjs.org/typedarray cache-miss
46 http fetch GET 200 https://registry.npmjs.org/streamsearch 327ms (cache miss)
47 silly packumentCache full:https://registry.npmjs.org/streamsearch set size:undefined disposed:false
48 http fetch GET 200 https://registry.npmjs.org/typedarray 354ms (cache miss)
49 silly packumentCache full:https://registry.npmjs.org/typedarray set size:undefined disposed:false
50 http fetch GET 200 https://registry.npmjs.org/readable-stream 359ms (cache miss)
51 silly packumentCache full:https://registry.npmjs.org/readable-stream set size:undefined disposed:false
52 silly placeDep ROOT streamsearch@1.1.0 OK for: busboy@1.6.0 want: ^1.1.0
53 silly placeDep node_modules/concat-stream readable-stream@2.3.8 OK for: concat-stream@1.6.2 want: ^2.2.2
54 silly placeDep ROOT typedarray@0.0.6 OK for: concat-stream@1.6.2 want: ^0.0.6
55 silly fetch manifest isarray@~1.0.0
56 silly packumentCache full:https://registry.npmjs.org/isarray cache-miss
57 silly fetch manifest safe-buffer@~5.1.1
58 silly packumentCache full:https://registry.npmjs.org/safe-buffer cache-miss
59 silly fetch manifest string_decoder@~1.1.1
60 silly packumentCache full:https://registry.npmjs.org/string_decoder cache-miss
61 http fetch GET 200 https://registry.npmjs.org/isarray 336ms (cache miss)
62 silly packumentCache full:https://registry.npmjs.org/isarray set size:undefined disposed:false
63 http fetch GET 200 https://registry.npmjs.org/string_decoder 420ms (cache miss)
64 silly packumentCache full:https://registry.npmjs.org/string_decoder set size:undefined disposed:false
65 http fetch GET 200 https://registry.npmjs.org/safe-buffer 471ms (cache miss)
66 silly packumentCache full:https://registry.npmjs.org/safe-buffer set size:undefined disposed:false
67 silly placeDep node_modules/concat-stream isarray@1.0.0 OK for: readable-stream@2.3.8 want: ~1.0.0
68 silly placeDep node_modules/concat-stream safe-buffer@5.1.2 OK for: readable-stream@2.3.8 want: ~5.1.1
69 silly placeDep node_modules/concat-stream string_decoder@1.1.1 OK for: readable-stream@2.3.8 want: ~1.1.1
70 silly reify moves {}
71 silly audit bulk request {
71 silly audit   '@adobe/css-tools': [ '4.4.0' ],
71 silly audit   '@alloc/quick-lru': [ '5.2.0' ],
71 silly audit   '@ampproject/remapping': [ '2.3.0' ],
71 silly audit   '@babel/code-frame': [ '7.24.7', '7.12.11' ],
71 silly audit   '@babel/compat-data': [ '7.25.2' ],
71 silly audit   '@babel/core': [ '7.25.2' ],
71 silly audit   semver: [ '6.3.1', '5.7.2', '7.6.3' ],
71 silly audit   '@babel/eslint-parser': [ '7.25.1' ],
71 silly audit   '@babel/generator': [ '7.25.0' ],
71 silly audit   '@babel/helper-annotate-as-pure': [ '7.24.7' ],
71 silly audit   '@babel/helper-builder-binary-assignment-operator-visitor': [ '7.24.7' ],
71 silly audit   '@babel/helper-compilation-targets': [ '7.25.2' ],
71 silly audit   '@babel/helper-create-class-features-plugin': [ '7.25.0' ],
71 silly audit   '@babel/helper-create-regexp-features-plugin': [ '7.25.0' ],
71 silly audit   '@babel/helper-define-polyfill-provider': [ '0.6.2' ],
71 silly audit   '@babel/helper-member-expression-to-functions': [ '7.24.8' ],
71 silly audit   '@babel/helper-module-imports': [ '7.24.7' ],
71 silly audit   '@babel/helper-module-transforms': [ '7.25.2' ],
71 silly audit   '@babel/helper-optimise-call-expression': [ '7.24.7' ],
71 silly audit   '@babel/helper-plugin-utils': [ '7.24.8' ],
71 silly audit   '@babel/helper-remap-async-to-generator': [ '7.25.0' ],
71 silly audit   '@babel/helper-replace-supers': [ '7.25.0' ],
71 silly audit   '@babel/helper-simple-access': [ '7.24.7' ],
71 silly audit   '@babel/helper-skip-transparent-expression-wrappers': [ '7.24.7' ],
71 silly audit   '@babel/helper-string-parser': [ '7.24.8' ],
71 silly audit   '@babel/helper-validator-identifier': [ '7.24.7' ],
71 silly audit   '@babel/helper-validator-option': [ '7.24.8' ],
71 silly audit   '@babel/helper-wrap-function': [ '7.25.0' ],
71 silly audit   '@babel/helpers': [ '7.25.0' ],
71 silly audit   '@babel/highlight': [ '7.24.7' ],
71 silly audit   '@babel/node': [ '7.25.0' ],
71 silly audit   commander: [ '6.2.1', '8.3.0', '7.2.0', '4.1.1', '2.20.3' ],
71 silly audit   '@babel/parser': [ '7.25.3' ],
71 silly audit   '@babel/plugin-bugfix-firefox-class-in-computed-class-key': [ '7.25.3' ],
71 silly audit   '@babel/plugin-bugfix-safari-class-field-initializer-scope': [ '7.25.0' ],
71 silly audit   '@babel/plugin-bugfix-safari-id-destructuring-collision-in-function-expression': [ '7.25.0' ],
71 silly audit   '@babel/plugin-bugfix-v8-spread-parameters-in-optional-chaining': [ '7.24.7' ],
71 silly audit   '@babel/plugin-bugfix-v8-static-class-fields-redefine-readonly': [ '7.25.0' ],
71 silly audit   '@babel/plugin-proposal-class-properties': [ '7.18.6' ],
71 silly audit   '@babel/plugin-proposal-decorators': [ '7.24.7' ],
71 silly audit   '@babel/plugin-proposal-nullish-coalescing-operator': [ '7.18.6' ],
71 silly audit   '@babel/plugin-proposal-numeric-separator': [ '7.18.6' ],
71 silly audit   '@babel/plugin-proposal-optional-chaining': [ '7.21.0' ],
71 silly audit   '@babel/plugin-proposal-private-methods': [ '7.18.6' ],
71 silly audit   '@babel/plugin-proposal-private-property-in-object': [ '7.21.11', '7.21.0-placeholder-for-preset-env.2' ],
71 silly audit   '@babel/plugin-syntax-async-generators': [ '7.8.4' ],
71 silly audit   '@babel/plugin-syntax-bigint': [ '7.8.3' ],
71 silly audit   '@babel/plugin-syntax-class-properties': [ '7.12.13' ],
71 silly audit   '@babel/plugin-syntax-class-static-block': [ '7.14.5' ],
71 silly audit   '@babel/plugin-syntax-decorators': [ '7.24.7' ],
71 silly audit   '@babel/plugin-syntax-dynamic-import': [ '7.8.3' ],
71 silly audit   '@babel/plugin-syntax-export-namespace-from': [ '7.8.3' ],
71 silly audit   '@babel/plugin-syntax-flow': [ '7.24.7' ],
71 silly audit   '@babel/plugin-syntax-import-assertions': [ '7.24.7' ],
71 silly audit   '@babel/plugin-syntax-import-attributes': [ '7.24.7' ],
71 silly audit   '@babel/plugin-syntax-import-meta': [ '7.10.4' ],
71 silly audit   '@babel/plugin-syntax-json-strings': [ '7.8.3' ],
71 silly audit   '@babel/plugin-syntax-jsx': [ '7.24.7' ],
71 silly audit   '@babel/plugin-syntax-logical-assignment-operators': [ '7.10.4' ],
71 silly audit   '@babel/plugin-syntax-nullish-coalescing-operator': [ '7.8.3' ],
71 silly audit   '@babel/plugin-syntax-numeric-separator': [ '7.10.4' ],
71 silly audit   '@babel/plugin-syntax-object-rest-spread': [ '7.8.3' ],
71 silly audit   '@babel/plugin-syntax-optional-catch-binding': [ '7.8.3' ],
71 silly audit   '@babel/plugin-syntax-optional-chaining': [ '7.8.3' ],
71 silly audit   '@babel/plugin-syntax-private-property-in-object': [ '7.14.5' ],
71 silly audit   '@babel/plugin-syntax-top-level-await': [ '7.14.5' ],
71 silly audit   '@babel/plugin-syntax-typescript': [ '7.24.7' ],
71 silly audit   '@babel/plugin-syntax-unicode-sets-regex': [ '7.18.6' ],
71 silly audit   '@babel/plugin-transform-arrow-functions': [ '7.24.7' ],
71 silly audit   '@babel/plugin-transform-async-generator-functions': [ '7.25.0' ],
71 silly audit   '@babel/plugin-transform-async-to-generator': [ '7.24.7' ],
71 silly audit   '@babel/plugin-transform-block-scoped-functions': [ '7.24.7' ],
71 silly audit   '@babel/plugin-transform-block-scoping': [ '7.25.0' ],
71 silly audit   '@babel/plugin-transform-class-properties': [ '7.24.7' ],
71 silly audit   '@babel/plugin-transform-class-static-block': [ '7.24.7' ],
71 silly audit   '@babel/plugin-transform-classes': [ '7.25.0' ],
71 silly audit   '@babel/plugin-transform-computed-properties': [ '7.24.7' ],
71 silly audit   '@babel/plugin-transform-destructuring': [ '7.24.8' ],
71 silly audit   '@babel/plugin-transform-dotall-regex': [ '7.24.7' ],
71 silly audit   '@babel/plugin-transform-duplicate-keys': [ '7.24.7' ],
71 silly audit   '@babel/plugin-transform-duplicate-named-capturing-groups-regex': [ '7.25.0' ],
71 silly audit   '@babel/plugin-transform-dynamic-import': [ '7.24.7' ],
71 silly audit   '@babel/plugin-transform-exponentiation-operator': [ '7.24.7' ],
71 silly audit   '@babel/plugin-transform-export-namespace-from': [ '7.24.7' ],
71 silly audit   '@babel/plugin-transform-flow-strip-types': [ '7.24.7' ],
71 silly audit   '@babel/plugin-transform-for-of': [ '7.24.7' ],
71 silly audit   '@babel/plugin-transform-function-name': [ '7.25.1' ],
71 silly audit   '@babel/plugin-transform-json-strings': [ '7.24.7' ],
71 silly audit   '@babel/plugin-transform-literals': [ '7.25.2' ],
71 silly audit   '@babel/plugin-transform-logical-assignment-operators': [ '7.24.7' ],
71 silly audit   '@babel/plugin-transform-member-expression-literals': [ '7.24.7' ],
71 silly audit   '@babel/plugin-transform-modules-amd': [ '7.24.7' ],
71 silly audit   '@babel/plugin-transform-modules-commonjs': [ '7.24.8' ],
71 silly audit   '@babel/plugin-transform-modules-systemjs': [ '7.25.0' ],
71 silly audit   '@babel/plugin-transform-modules-umd': [ '7.24.7' ],
71 silly audit   '@babel/plugin-transform-named-capturing-groups-regex': [ '7.24.7' ],
71 silly audit   '@babel/plugin-transform-new-target': [ '7.24.7' ],
71 silly audit   '@babel/plugin-transform-nullish-coalescing-operator': [ '7.24.7' ],
71 silly audit   '@babel/plugin-transform-numeric-separator': [ '7.24.7' ],
71 silly audit   '@babel/plugin-transform-object-rest-spread': [ '7.24.7' ],
71 silly audit   '@babel/plugin-transform-object-super': [ '7.24.7' ],
71 silly audit   '@babel/plugin-transform-optional-catch-binding': [ '7.24.7' ],
71 silly audit   '@babel/plugin-transform-optional-chaining': [ '7.24.8' ],
71 silly audit   '@babel/plugin-transform-parameters': [ '7.24.7' ],
71 silly audit   '@babel/plugin-transform-private-methods': [ '7.24.7' ],
71 silly audit   '@babel/plugin-transform-private-property-in-object': [ '7.24.7' ],
71 silly audit   '@babel/plugin-transform-property-literals': [ '7.24.7' ],
71 silly audit   '@babel/plugin-transform-react-constant-elements': [ '7.24.7' ],
71 silly audit   '@babel/plugin-transform-react-display-name': [ '7.24.7' ],
71 silly audit   '@babel/plugin-transform-react-jsx': [ '7.24.7' ],
71 silly audit   '@babel/plugin-transform-react-jsx-development': [ '7.24.7' ],
71 silly audit   '@babel/plugin-transform-react-pure-annotations': [ '7.24.7' ],
71 silly audit   '@babel/plugin-transform-regenerator': [ '7.24.7' ],
71 silly audit   '@babel/plugin-transform-reserved-words': [ '7.24.7' ],
71 silly audit   '@babel/plugin-transform-runtime': [ '7.24.7' ],
71 silly audit   '@babel/plugin-transform-shorthand-properties': [ '7.24.7' ],
71 silly audit   '@babel/plugin-transform-spread': [ '7.24.7' ],
71 silly audit   '@babel/plugin-transform-sticky-regex': [ '7.24.7' ],
71 silly audit   '@babel/plugin-transform-template-literals': [ '7.24.7' ],
71 silly audit   '@babel/plugin-transform-typeof-symbol': [ '7.24.8' ],
71 silly audit   '@babel/plugin-transform-typescript': [ '7.25.0' ],
71 silly audit   '@babel/plugin-transform-unicode-escapes': [ '7.24.7' ],
71 silly audit   '@babel/plugin-transform-unicode-property-regex': [ '7.24.7' ],
71 silly audit   '@babel/plugin-transform-unicode-regex': [ '7.24.7' ],
71 silly audit   '@babel/plugin-transform-unicode-sets-regex': [ '7.24.7' ],
71 silly audit   '@babel/preset-env': [ '7.25.3' ],
71 silly audit   '@babel/preset-modules': [ '0.1.6-no-external-plugins' ],
71 silly audit   '@babel/preset-react': [ '7.24.7' ],
71 silly audit   '@babel/preset-typescript': [ '7.24.7' ],
71 silly audit   '@babel/register': [ '7.24.6' ],
71 silly audit   'find-cache-dir': [ '2.1.0', '3.3.2' ],
71 silly audit   'find-up': [ '3.0.0', '4.1.0', '5.0.0' ],
71 silly audit   'locate-path': [ '3.0.0', '5.0.0', '6.0.0' ],
71 silly audit   'make-dir': [ '2.1.0', '4.0.0', '3.1.0' ],
71 silly audit   'p-locate': [ '3.0.0', '4.1.0', '5.0.0' ],
71 silly audit   'path-exists': [ '3.0.0', '4.0.0' ],
71 silly audit   pify: [ '4.0.1', '2.3.0' ],
71 silly audit   'pkg-dir': [ '3.0.0', '4.2.0' ],
71 silly audit   '@babel/regjsgen': [ '0.8.0' ],
71 silly audit   '@babel/runtime': [ '7.25.0' ],
71 silly audit   '@babel/template': [ '7.25.0' ],
71 silly audit   '@babel/traverse': [ '7.25.3' ],
71 silly audit   '@babel/types': [ '7.25.2' ],
71 silly audit   '@bcoe/v8-coverage': [ '0.2.3' ],
71 silly audit   '@csstools/normalize.css': [ '12.1.1' ],
71 silly audit   '@csstools/postcss-cascade-layers': [ '1.1.1' ],
71 silly audit   '@csstools/postcss-color-function': [ '1.1.1' ],
71 silly audit   '@csstools/postcss-font-format-keywords': [ '1.0.1' ],
71 silly audit   '@csstools/postcss-hwb-function': [ '1.0.2' ],
71 silly audit   '@csstools/postcss-ic-unit': [ '1.0.1' ],
71 silly audit   '@csstools/postcss-is-pseudo-class': [ '2.0.7' ],
71 silly audit   '@csstools/postcss-nested-calc': [ '1.0.0' ],
71 silly audit   '@csstools/postcss-normalize-display-values': [ '1.0.1' ],
71 silly audit   '@csstools/postcss-oklab-function': [ '1.1.1' ],
71 silly audit   '@csstools/postcss-progressive-custom-properties': [ '1.3.0' ],
71 silly audit   '@csstools/postcss-stepped-value-functions': [ '1.0.1' ],
71 silly audit   '@csstools/postcss-text-decoration-shorthand': [ '1.0.0' ],
71 silly audit   '@csstools/postcss-trigonometric-functions': [ '1.0.2' ],
71 silly audit   '@csstools/postcss-unset-value': [ '1.0.2' ],
71 silly audit   '@csstools/selector-specificity': [ '2.2.0' ],
71 silly audit   '@eslint-community/eslint-utils': [ '4.4.0' ],
71 silly audit   'eslint-visitor-keys': [ '3.4.3', '1.3.0', '2.1.0' ],
71 silly audit   '@eslint-community/regexpp': [ '4.11.0' ],
71 silly audit   '@eslint/eslintrc': [ '0.4.3', '2.1.4' ],
71 silly audit   globals: [ '13.24.0', '11.12.0' ],
71 silly audit   ignore: [ '4.0.6', '5.3.1' ],
71 silly audit   'type-fest': [ '0.20.2', '0.16.0', '0.21.3' ],
71 silly audit   '@eslint/js': [ '8.57.0' ],
71 silly audit   '@humanwhocodes/config-array': [ '0.5.0', '0.11.14' ],
71 silly audit   '@humanwhocodes/module-importer': [ '1.0.1' ],
71 silly audit   '@humanwhocodes/object-schema': [ '1.2.1', '2.0.3' ],
71 silly audit   '@isaacs/cliui': [ '8.0.2' ],
71 silly audit   'ansi-regex': [ '6.0.1', '5.0.1' ],
71 silly audit   'ansi-styles': [ '6.2.1', '4.3.0', '5.2.0', '3.2.1' ],
71 silly audit   'string-width': [ '5.1.2', '4.2.3' ],
71 silly audit   'strip-ansi': [ '7.1.0', '6.0.1' ],
71 silly audit   'wrap-ansi': [ '8.1.0', '7.0.0' ],
71 silly audit   '@istanbuljs/load-nyc-config': [ '1.1.0' ],
71 silly audit   camelcase: [ '5.3.1', '6.3.0' ],
71 silly audit   '@istanbuljs/schema': [ '0.1.3' ],
71 silly audit   '@jest/console': [ '29.7.0', '27.5.1', '28.1.3' ],
71 silly audit   '@jest/types': [ '29.6.3', '27.5.1', '28.1.3' ],
71 silly audit   '@types/yargs': [ '17.0.33', '16.0.9', '17.0.32' ],
71 silly audit   chalk: [ '4.1.2', '3.0.0', '2.4.2' ],
71 silly audit   'color-convert': [ '2.0.1', '1.9.3' ],
71 silly audit   'color-name': [ '1.1.4', '1.1.3' ],
71 silly audit   'has-flag': [ '4.0.0', '3.0.0' ],
71 silly audit   'jest-util': [ '29.7.0', '27.5.1', '28.1.3' ],
71 silly audit   'supports-color': [ '7.2.0', '8.1.1', '5.5.0' ],
71 silly audit   '@jest/core': [ '29.7.0', '27.5.1' ],
71 silly audit   '@jest/transform': [ '29.7.0', '27.5.1' ],
71 silly audit   'jest-get-type': [ '29.6.3', '27.5.1' ],
71 silly audit   'jest-haste-map': [ '29.7.0', '27.5.1' ],
71 silly audit   'jest-regex-util': [ '29.6.3', '27.5.1', '28.0.2' ],
71 silly audit   'jest-resolve': [ '29.7.0', '27.5.1' ],
71 silly audit   'jest-validate': [ '29.7.0', '27.5.1' ],
71 silly audit   'jest-worker': [ '29.7.0', '28.1.3', '27.5.1', '26.6.2' ],
71 silly audit   'pretty-format': [ '29.7.0', '27.5.1', '28.1.3' ],
71 silly audit   'react-is': [ '18.3.1', '16.13.1', '17.0.2' ],
71 silly audit   'resolve.exports': [ '2.0.2', '1.1.1' ],
71 silly audit   'write-file-atomic': [ '4.0.2', '3.0.3' ],
71 silly audit   '@jest/environment': [ '29.7.0', '27.5.1' ],
71 silly audit   '@jest/expect': [ '29.7.0' ],
71 silly audit   '@jest/expect-utils': [ '29.7.0' ],
71 silly audit   '@jest/fake-timers': [ '29.7.0', '27.5.1' ],
71 silly audit   '@jest/globals': [ '29.7.0', '27.5.1' ],
71 silly audit   '@jest/reporters': [ '29.7.0', '27.5.1' ],
71 silly audit   'istanbul-lib-instrument': [ '6.0.3', '5.2.1' ],
71 silly audit   '@jest/schemas': [ '29.6.3', '28.1.3' ],
71 silly audit   '@jest/source-map': [ '29.6.3', '27.5.1' ],
71 silly audit   '@jest/test-result': [ '29.7.0', '27.5.1', '28.1.3' ],
71 silly audit   '@jest/test-sequencer': [ '29.7.0', '27.5.1' ],
71 silly audit   'convert-source-map': [ '1.9.0', '2.0.0' ],
71 silly audit   'source-map': [ '0.6.1', '0.7.4', '0.8.0-beta.0' ],
71 silly audit   '@jridgewell/gen-mapping': [ '0.3.5' ],
71 silly audit   '@jridgewell/resolve-uri': [ '3.1.2' ],
71 silly audit   '@jridgewell/set-array': [ '1.2.1' ],
71 silly audit   '@jridgewell/source-map': [ '0.3.6' ],
71 silly audit   '@jridgewell/sourcemap-codec': [ '1.5.0' ],
71 silly audit   '@jridgewell/trace-mapping': [ '0.3.25' ],
71 silly audit   '@leichtgewicht/ip-codec': [ '2.0.5' ],
71 silly audit   '@mongodb-js/saslprep': [ '1.1.8' ],
71 silly audit   '@nicolo-ribaudo/eslint-scope-5-internals': [ '5.1.1-v1' ],
71 silly audit   '@nodelib/fs.scandir': [ '2.1.5' ],
71 silly audit   '@nodelib/fs.stat': [ '2.0.5' ],
71 silly audit   '@nodelib/fs.walk': [ '1.2.8' ],
71 silly audit   '@pkgjs/parseargs': [ '0.11.0' ],
71 silly audit   '@pmmmwh/react-refresh-webpack-plugin': [ '0.5.15' ],
71 silly audit   '@reduxjs/toolkit': [ '2.2.7' ],
71 silly audit   immer: [ '10.1.1', '9.0.21' ],
71 silly audit   '@remix-run/router': [ '1.19.2' ],
71 silly audit   '@rollup/plugin-babel': [ '5.3.1' ],
71 silly audit   '@rollup/plugin-node-resolve': [ '11.2.1' ],
71 silly audit   '@rollup/plugin-replace': [ '2.4.2' ],
71 silly audit   '@rollup/pluginutils': [ '3.1.0' ],
71 silly audit   '@types/estree': [ '0.0.39', '1.0.5' ],
71 silly audit   '@rushstack/eslint-patch': [ '1.10.4' ],
71 silly audit   '@sinclair/typebox': [ '0.27.8', '0.24.51' ],
71 silly audit   '@sinonjs/commons': [ '3.0.1', '1.8.6' ],
71 silly audit   '@sinonjs/fake-timers': [ '10.3.0', '8.1.0' ],
71 silly audit   '@surma/rollup-plugin-off-main-thread': [ '2.2.3' ],
71 silly audit   '@svgr/babel-plugin-add-jsx-attribute': [ '5.4.0' ],
71 silly audit   '@svgr/babel-plugin-remove-jsx-attribute': [ '5.4.0' ],
71 silly audit   '@svgr/babel-plugin-remove-jsx-empty-expression': [ '5.0.1' ],
71 silly audit   '@svgr/babel-plugin-replace-jsx-attribute-value': [ '5.0.1' ],
71 silly audit   '@svgr/babel-plugin-svg-dynamic-title': [ '5.4.0' ],
71 silly audit   '@svgr/babel-plugin-svg-em-dimensions': [ '5.4.0' ],
71 silly audit   '@svgr/babel-plugin-transform-react-native-svg': [ '5.4.0' ],
71 silly audit   '@svgr/babel-plugin-transform-svg-component': [ '5.5.0' ],
71 silly audit   '@svgr/babel-preset': [ '5.5.0' ],
71 silly audit   '@svgr/core': [ '5.5.0' ],
71 silly audit   '@svgr/hast-util-to-babel-ast': [ '5.5.0' ],
71 silly audit   '@svgr/plugin-jsx': [ '5.5.0' ],
71 silly audit   '@svgr/plugin-svgo': [ '5.5.0' ],
71 silly audit   '@svgr/webpack': [ '5.5.0' ],
71 silly audit   '@testing-library/dom': [ '10.4.0' ],
71 silly audit   'aria-query': [ '5.3.0', '5.1.3' ],
71 silly audit   '@testing-library/jest-dom': [ '6.4.8' ],
71 silly audit   'dom-accessibility-api': [ '0.6.3', '0.5.16' ],
71 silly audit   '@testing-library/react': [ '16.0.0' ],
71 silly audit   '@tootallnate/once': [ '1.1.2' ],
71 silly audit   '@trysound/sax': [ '0.2.0' ],
71 silly audit   '@types/aria-query': [ '5.0.4' ],
71 silly audit   '@types/babel__core': [ '7.20.5' ],
71 silly audit   '@types/babel__generator': [ '7.6.8' ],
71 silly audit   '@types/babel__template': [ '7.4.4' ],
71 silly audit   '@types/babel__traverse': [ '7.20.6' ],
71 silly audit   '@types/body-parser': [ '1.19.5' ],
71 silly audit   '@types/bonjour': [ '3.5.13' ],
71 silly audit   '@types/connect': [ '3.4.38' ],
71 silly audit   '@types/connect-history-api-fallback': [ '1.5.4' ],
71 silly audit   '@types/eslint': [ '8.56.11' ],
71 silly audit   '@types/eslint-scope': [ '3.7.7' ],
71 silly audit   '@types/express': [ '4.17.21' ],
71 silly audit   '@types/express-serve-static-core': [ '4.19.5' ],
71 silly audit   '@types/graceful-fs': [ '4.1.9' ],
71 silly audit   '@types/html-minifier-terser': [ '6.1.0' ],
71 silly audit   '@types/http-errors': [ '2.0.4' ],
71 silly audit   '@types/http-proxy': [ '1.17.14' ],
71 silly audit   '@types/istanbul-lib-coverage': [ '2.0.6' ],
71 silly audit   '@types/istanbul-lib-report': [ '3.0.3' ],
71 silly audit   '@types/istanbul-reports': [ '3.0.4' ],
71 silly audit   '@types/json-schema': [ '7.0.15' ],
71 silly audit   '@types/json5': [ '0.0.29' ],
71 silly audit   '@types/mime': [ '1.3.5' ],
71 silly audit   '@types/node': [ '20.14.12' ],
71 silly audit   '@types/node-forge': [ '1.3.11' ],
71 silly audit   '@types/parse-json': [ '4.0.2' ],
71 silly audit   '@types/prettier': [ '2.7.3' ],
71 silly audit   '@types/q': [ '1.5.8' ],
71 silly audit   '@types/qs': [ '6.9.15' ],
71 silly audit   '@types/range-parser': [ '1.2.7' ],
71 silly audit   '@types/resolve': [ '1.17.1' ],
71 silly audit   '@types/retry': [ '0.12.0' ],
71 silly audit   '@types/semver': [ '7.5.8' ],
71 silly audit   '@types/send': [ '0.17.4' ],
71 silly audit   '@types/serve-index': [ '1.9.4' ],
71 silly audit   '@types/serve-static': [ '1.15.7' ],
71 silly audit   '@types/sockjs': [ '0.3.36' ],
71 silly audit   '@types/stack-utils': [ '2.0.3' ],
71 silly audit   '@types/trusted-types': [ '2.0.7' ],
71 silly audit   '@types/use-sync-external-store': [ '0.0.3' ],
71 silly audit   '@types/webidl-conversions': [ '7.0.3' ],
71 silly audit   '@types/whatwg-url': [ '11.0.5' ],
71 silly audit   '@types/ws': [ '8.5.11' ],
71 silly audit   '@types/yargs-parser': [ '21.0.3' ],
71 silly audit   '@typescript-eslint/eslint-plugin': [ '5.62.0' ],
71 silly audit   '@typescript-eslint/parser': [ '5.62.0' ],
71 silly audit   '@typescript-eslint/typescript-estree': [ '5.62.0' ],
71 silly audit   '@typescript-eslint/scope-manager': [ '5.62.0' ],
71 silly audit   '@typescript-eslint/type-utils': [ '5.62.0' ],
71 silly audit   '@typescript-eslint/types': [ '5.62.0' ],
71 silly audit   '@typescript-eslint/utils': [ '5.62.0' ],
71 silly audit   '@typescript-eslint/visitor-keys': [ '5.62.0' ],
71 silly audit   '@ungap/structured-clone': [ '1.2.0' ],
71 silly audit   '@webassemblyjs/ast': [ '1.12.1' ],
71 silly audit   '@webassemblyjs/floating-point-hex-parser': [ '1.11.6' ],
71 silly audit   '@webassemblyjs/helper-api-error': [ '1.11.6' ],
71 silly audit   '@webassemblyjs/helper-buffer': [ '1.12.1' ],
71 silly audit   '@webassemblyjs/helper-numbers': [ '1.11.6' ],
71 silly audit   '@webassemblyjs/helper-wasm-bytecode': [ '1.11.6' ],
71 silly audit   '@webassemblyjs/helper-wasm-section': [ '1.12.1' ],
71 silly audit   '@webassemblyjs/ieee754': [ '1.11.6' ],
71 silly audit   '@webassemblyjs/leb128': [ '1.11.6' ],
71 silly audit   '@webassemblyjs/utf8': [ '1.11.6' ],
71 silly audit   '@webassemblyjs/wasm-edit': [ '1.12.1' ],
71 silly audit   '@webassemblyjs/wasm-gen': [ '1.12.1' ],
71 silly audit   '@webassemblyjs/wasm-opt': [ '1.12.1' ],
71 silly audit   '@webassemblyjs/wasm-parser': [ '1.12.1' ],
71 silly audit   '@webassemblyjs/wast-printer': [ '1.12.1' ],
71 silly audit   '@xtuc/ieee754': [ '1.2.0' ],
71 silly audit   '@xtuc/long': [ '4.2.2' ],
71 silly audit   abab: [ '2.0.6' ],
71 silly audit   accepts: [ '1.3.8' ],
71 silly audit   acorn: [ '8.12.1', '7.4.1' ],
71 silly audit   'acorn-globals': [ '6.0.0' ],
71 silly audit   'acorn-import-attributes': [ '1.9.5' ],
71 silly audit   'acorn-jsx': [ '5.3.2' ],
71 silly audit   'acorn-walk': [ '7.2.0' ],
71 silly audit   address: [ '1.2.2' ],
71 silly audit   'adjust-sourcemap-loader': [ '4.0.0' ],
71 silly audit   'agent-base': [ '6.0.2' ],
71 silly audit   ajv: [ '6.12.6', '8.17.1' ],
71 silly audit   'ajv-formats': [ '2.1.1' ],
71 silly audit   'json-schema-traverse': [ '1.0.0', '0.4.1' ],
71 silly audit   'ajv-keywords': [ '3.5.2', '5.1.0' ],
71 silly audit   'ansi-colors': [ '4.1.3' ],
71 silly audit   'ansi-escapes': [ '4.3.2' ],
71 silly audit   'ansi-html': [ '0.0.9' ],
71 silly audit   'ansi-html-community': [ '0.0.8' ],
71 silly audit   'any-promise': [ '1.3.0' ],
71 silly audit   anymatch: [ '3.1.3' ],
71 silly audit   arg: [ '5.0.2' ],
71 silly audit   argparse: [ '1.0.10', '2.0.1' ],
71 silly audit   'array-buffer-byte-length': [ '1.0.1' ],
71 silly audit   'array-flatten': [ '1.1.1' ],
71 silly audit   'array-includes': [ '3.1.8' ],
71 silly audit   'array-union': [ '2.1.0' ],
71 silly audit   'array.prototype.findlast': [ '1.2.5' ],
71 silly audit   'array.prototype.findlastindex': [ '1.2.5' ],
71 silly audit   'array.prototype.flat': [ '1.3.2' ],
71 silly audit   'array.prototype.flatmap': [ '1.3.2' ],
71 silly audit   'array.prototype.reduce': [ '1.0.7' ],
71 silly audit   'array.prototype.tosorted': [ '1.1.4' ],
71 silly audit   'arraybuffer.prototype.slice': [ '1.0.3' ],
71 silly audit   asap: [ '2.0.6' ],
71 silly audit   'ast-types-flow': [ '0.0.8' ],
71 silly audit   'astral-regex': [ '2.0.0' ],
71 silly audit   async: [ '3.2.5' ],
71 silly audit   asynckit: [ '0.4.0' ],
71 silly audit   'at-least-node': [ '1.0.0' ],
71 silly audit   autoprefixer: [ '10.4.19' ],
71 silly audit   'available-typed-arrays': [ '1.0.7' ],
71 silly audit   'axe-core': [ '4.10.0' ],
71 silly audit   axios: [ '1.7.7' ],
71 silly audit   'form-data': [ '4.0.0', '3.0.1' ],
71 silly audit   'axobject-query': [ '3.1.1' ],
71 silly audit   'babel-jest': [ '29.7.0', '27.5.1' ],
71 silly audit   'babel-loader': [ '8.3.0' ],
71 silly audit   'schema-utils': [ '2.7.1', '3.3.0', '2.7.0', '4.2.0' ],
71 silly audit   'babel-plugin-istanbul': [ '6.1.1' ],
71 silly audit   'babel-plugin-jest-hoist': [ '29.6.3', '27.5.1' ],
71 silly audit   'babel-plugin-macros': [ '3.1.0' ],
71 silly audit   'babel-plugin-named-asset-import': [ '0.3.8' ],
71 silly audit   'babel-plugin-polyfill-corejs2': [ '0.4.11' ],
71 silly audit   'babel-plugin-polyfill-corejs3': [ '0.10.4' ],
71 silly audit   'babel-plugin-polyfill-regenerator': [ '0.6.2' ],
71 silly audit   'babel-plugin-transform-react-remove-prop-types': [ '0.4.24' ],
71 silly audit   'babel-preset-current-node-syntax': [ '1.0.1' ],
71 silly audit   'babel-preset-jest': [ '29.6.3', '27.5.1' ],
71 silly audit   'babel-preset-react-app': [ '10.0.1' ],
71 silly audit   'balanced-match': [ '1.0.2' ],
71 silly audit   batch: [ '0.6.1' ],
71 silly audit   bcryptjs: [ '2.4.3' ],
71 silly audit   bfj: [ '7.1.0' ],
71 silly audit   'big.js': [ '5.2.2' ],
71 silly audit   'binary-extensions': [ '2.3.0' ],
71 silly audit   bluebird: [ '3.7.2' ],
71 silly audit   'body-parser': [ '1.20.2' ],
71 silly audit   bytes: [ '3.1.2', '3.0.0' ],
71 silly audit   debug: [ '2.6.9', '4.3.5', '3.2.7' ],
71 silly audit   'iconv-lite': [ '0.4.24', '0.6.3' ],
71 silly audit   ms: [ '2.0.0', '2.1.3', '2.1.2' ],
71 silly audit   'bonjour-service': [ '1.2.1' ],
71 silly audit   boolbase: [ '1.0.0' ],
71 silly audit   'brace-expansion': [ '1.1.11', '2.0.1' ],
71 silly audit   braces: [ '3.0.3' ],
71 silly audit   'browser-process-hrtime': [ '1.0.0' ],
71 silly audit   browserslist: [ '4.23.2' ],
71 silly audit   bser: [ '2.1.1' ],
71 silly audit   bson: [ '6.8.0' ],
71 silly audit   'buffer-equal-constant-time': [ '1.0.1' ],
71 silly audit   'buffer-from': [ '1.1.2' ],
71 silly audit   'builtin-modules': [ '3.3.0' ],
71 silly audit   'call-bind': [ '1.0.7' ],
71 silly audit   callsites: [ '3.1.0' ],
71 silly audit   'camel-case': [ '4.1.2' ],
71 silly audit   'camelcase-css': [ '2.0.1' ],
71 silly audit   'caniuse-api': [ '3.0.0' ],
71 silly audit   'caniuse-lite': [ '1.0.30001643' ],
71 silly audit   'case-sensitive-paths-webpack-plugin': [ '2.4.0' ],
71 silly audit   'char-regex': [ '1.0.2', '2.0.1' ],
71 silly audit   'check-types': [ '11.2.3' ],
71 silly audit   chokidar: [ '3.6.0' ],
71 silly audit   'glob-parent': [ '5.1.2', '6.0.2' ],
71 silly audit   'chrome-trace-event': [ '1.0.4' ],
71 silly audit   'ci-info': [ '3.9.0' ],
71 silly audit   'cjs-module-lexer': [ '1.3.1' ],
71 silly audit   'clean-css': [ '5.3.3' ],
71 silly audit   cliui: [ '8.0.1', '7.0.4' ],
71 silly audit   'clone-deep': [ '4.0.1' ],
71 silly audit   co: [ '4.6.0' ],
71 silly audit   coa: [ '2.0.2' ],
71 silly audit   'collect-v8-coverage': [ '1.0.2' ],
71 silly audit   colord: [ '2.9.3' ],
71 silly audit   colorette: [ '2.0.20' ],
71 silly audit   'combined-stream': [ '1.0.8' ],
71 silly audit   'common-tags': [ '1.8.2' ],
71 silly audit   commondir: [ '1.0.1' ],
71 silly audit   compressible: [ '2.0.18' ],
71 silly audit   compression: [ '1.7.4' ],
71 silly audit   'safe-buffer': [ '5.1.2', '5.2.1' ],
71 silly audit   'concat-map': [ '0.0.1' ],
71 silly audit   'confusing-browser-globals': [ '1.0.11' ],
71 silly audit   'connect-history-api-fallback': [ '2.0.0' ],
71 silly audit   'content-disposition': [ '0.5.4' ],
71 silly audit   'content-type': [ '1.0.5' ],
71 silly audit   cookie: [ '0.6.0' ],
71 silly audit   'cookie-signature': [ '1.0.6' ],
71 silly audit   'core-js': [ '3.37.1' ],
71 silly audit   'core-js-compat': [ '3.37.1' ],
71 silly audit   'core-js-pure': [ '3.37.1' ],
71 silly audit   'core-util-is': [ '1.0.3' ],
71 silly audit   cors: [ '2.8.5' ],
71 silly audit   cosmiconfig: [ '7.1.0', '6.0.0' ],
71 silly audit   'cra-template': [ '1.2.0' ],
71 silly audit   'create-jest': [ '29.7.0' ],
71 silly audit   'cross-spawn': [ '7.0.3' ],
71 silly audit   'crypto-random-string': [ '2.0.0' ],
71 silly audit   'css-blank-pseudo': [ '3.0.3' ],
71 silly audit   'css-declaration-sorter': [ '6.4.1' ],
71 silly audit   'css-has-pseudo': [ '3.0.4' ],
71 silly audit   'css-loader': [ '6.11.0' ],
71 silly audit   'css-minimizer-webpack-plugin': [ '3.4.1' ],
71 silly audit   'css-prefers-color-scheme': [ '6.0.3' ],
71 silly audit   'css-select': [ '4.3.0', '2.1.0' ],
71 silly audit   'css-select-base-adapter': [ '0.1.1' ],
71 silly audit   'css-tree': [ '1.0.0-alpha.37', '1.1.3' ],
71 silly audit   'css-what': [ '6.1.0', '3.4.2' ],
71 silly audit   'css.escape': [ '1.5.1' ],
71 silly audit   cssdb: [ '7.11.2' ],
71 silly audit   cssesc: [ '3.0.0' ],
71 silly audit   cssnano: [ '5.1.15' ],
71 silly audit   'cssnano-preset-default': [ '5.2.14' ],
71 silly audit   'cssnano-utils': [ '3.1.0' ],
71 silly audit   csso: [ '4.2.0' ],
71 silly audit   'mdn-data': [ '2.0.14', '2.0.4' ],
71 silly audit   cssom: [ '0.4.4', '0.3.8' ],
71 silly audit   cssstyle: [ '2.3.0' ],
71 silly audit   'damerau-levenshtein': [ '1.0.8' ],
71 silly audit   'data-urls': [ '2.0.0' ],
71 silly audit   'data-view-buffer': [ '1.0.1' ],
71 silly audit   'data-view-byte-length': [ '1.0.1' ],
71 silly audit   'data-view-byte-offset': [ '1.0.0' ],
71 silly audit   'decimal.js': [ '10.4.3' ],
71 silly audit   dedent: [ '1.5.3', '0.7.0' ],
71 silly audit   'deep-equal': [ '2.2.3' ],
71 silly audit   'deep-is': [ '0.1.4' ],
71 silly audit   deepmerge: [ '4.3.1' ],
71 silly audit   'default-gateway': [ '6.0.3' ],
71 silly audit   'define-data-property': [ '1.1.4' ],
71 silly audit   'define-lazy-prop': [ '2.0.0' ],
71 silly audit   'define-properties': [ '1.2.1' ],
71 silly audit   'delayed-stream': [ '1.0.0' ],
71 silly audit   depd: [ '2.0.0', '1.1.2' ],
71 silly audit   dequal: [ '2.0.3' ],
71 silly audit   destroy: [ '1.2.0' ],
71 silly audit   'detect-newline': [ '3.1.0' ],
71 silly audit   'detect-node': [ '2.1.0' ],
71 silly audit   'detect-port-alt': [ '1.1.6' ],
71 silly audit   didyoumean: [ '1.2.2' ],
71 silly audit   'diff-sequences': [ '29.6.3', '27.5.1' ],
71 silly audit   'dir-glob': [ '3.0.1' ],
71 silly audit   dlv: [ '1.1.3' ],
71 silly audit   'dns-packet': [ '5.6.1' ],
71 silly audit   doctrine: [ '3.0.0', '2.1.0' ],
71 silly audit   'dom-converter': [ '0.2.0' ],
71 silly audit   'dom-serializer': [ '1.4.1', '0.2.2' ],
71 silly audit   domelementtype: [ '2.3.0', '1.3.1' ],
71 silly audit   domexception: [ '2.0.1' ],
71 silly audit   'webidl-conversions': [ '5.0.0', '7.0.0', '6.1.0', '4.0.2' ],
71 silly audit   domhandler: [ '4.3.1' ],
71 silly audit   domutils: [ '2.8.0', '1.7.0' ],
71 silly audit   'dot-case': [ '3.0.4' ],
71 silly audit   dotenv: [ '16.4.5', '10.0.0' ],
71 silly audit   'dotenv-expand': [ '5.1.0' ],
71 silly audit   duplexer: [ '0.1.2' ],
71 silly audit   eastasianwidth: [ '0.2.0' ],
71 silly audit   'ecdsa-sig-formatter': [ '1.0.11' ],
71 silly audit   'ee-first': [ '1.1.1' ],
71 silly audit   ejs: [ '3.1.10' ],
71 silly audit   'electron-to-chromium': [ '1.5.2' ],
71 silly audit   emittery: [ '0.13.1', '0.8.1', '0.10.2' ],
71 silly audit   'emoji-regex': [ '9.2.2', '8.0.0' ],
71 silly audit   'emojis-list': [ '3.0.0' ],
71 silly audit   encodeurl: [ '1.0.2' ],
71 silly audit   'enhanced-resolve': [ '5.17.1' ],
71 silly audit   enquirer: [ '2.4.1' ],
71 silly audit   entities: [ '2.2.0' ],
71 silly audit   'error-ex': [ '1.3.2' ],
71 silly audit   'error-stack-parser': [ '2.1.4' ],
71 silly audit   'es-abstract': [ '1.23.3' ],
71 silly audit   'es-array-method-boxes-properly': [ '1.0.0' ],
71 silly audit   'es-define-property': [ '1.0.0' ],
71 silly audit   'es-errors': [ '1.3.0' ],
71 silly audit   'es-get-iterator': [ '1.1.3' ],
71 silly audit   'es-iterator-helpers': [ '1.0.19' ],
71 silly audit   'es-module-lexer': [ '1.5.4' ],
71 silly audit   'es-object-atoms': [ '1.0.0' ],
71 silly audit   'es-set-tostringtag': [ '2.0.3' ],
71 silly audit   'es-shim-unscopables': [ '1.0.2' ],
71 silly audit   'es-to-primitive': [ '1.2.1' ],
71 silly audit   escalade: [ '3.1.2' ],
71 silly audit   'escape-html': [ '1.0.3' ],
71 silly audit   'escape-string-regexp': [ '1.0.5', '4.0.0', '2.0.0' ],
71 silly audit   escodegen: [ '2.1.0', '1.14.3' ],
71 silly audit   eslint: [ '7.32.0', '8.57.0' ],
71 silly audit   'eslint-import-resolver-node': [ '0.3.9' ],
71 silly audit   'eslint-module-utils': [ '2.8.1' ],
71 silly audit   'eslint-plugin-import': [ '2.29.1' ],
71 silly audit   'eslint-plugin-jsx-a11y': [ '6.9.0' ],
71 silly audit   'eslint-plugin-react': [ '7.35.2' ],
71 silly audit   'eslint-plugin-react-hooks': [ '4.6.2' ],
71 silly audit   resolve: [ '2.0.0-next.5', '1.22.8' ],
71 silly audit   'eslint-plugin-testing-library': [ '5.11.1' ],
71 silly audit   'eslint-scope': [ '5.1.1', '7.2.2' ],
71 silly audit   estraverse: [ '4.3.0', '5.3.0' ],
71 silly audit   'eslint-utils': [ '2.1.0' ],
71 silly audit   'eslint-webpack-plugin': [ '3.2.0' ],
71 silly audit   espree: [ '7.3.1', '9.6.1' ],
71 silly audit   esprima: [ '4.0.1', '1.2.2' ],
71 silly audit   esquery: [ '1.6.0' ],
71 silly audit   esrecurse: [ '4.3.0' ],
71 silly audit   'estree-walker': [ '1.0.1' ],
71 silly audit   esutils: [ '2.0.3' ],
71 silly audit   etag: [ '1.8.1' ],
71 silly audit   eventemitter3: [ '4.0.7' ],
71 silly audit   events: [ '3.3.0' ],
71 silly audit   execa: [ '5.1.1' ],
71 silly audit   exit: [ '0.1.2' ],
71 silly audit   expect: [ '29.7.0', '27.5.1' ],
71 silly audit   express: [ '4.19.2' ],
71 silly audit   'express-validator': [ '7.1.0' ],
71 silly audit   'fast-deep-equal': [ '3.1.3' ],
71 silly audit   'fast-glob': [ '3.3.2' ],
71 silly audit   'fast-json-stable-stringify': [ '2.1.0' ],
71 silly audit   'fast-levenshtein': [ '2.0.6' ],
71 silly audit   'fast-uri': [ '3.0.1' ],
71 silly audit   fastq: [ '1.17.1' ],
71 silly audit   'faye-websocket': [ '0.11.4' ],
71 silly audit   'fb-watchman': [ '2.0.2' ],
71 silly audit   'file-entry-cache': [ '6.0.1' ],
71 silly audit   'file-loader': [ '6.2.0' ],
71 silly audit   filelist: [ '1.0.4' ],
71 silly audit   minimatch: [ '5.1.6', '3.1.2', '9.0.5' ],
71 silly audit   filesize: [ '8.0.7' ],
71 silly audit   'fill-range': [ '7.1.1' ],
71 silly audit   finalhandler: [ '1.2.0' ],
71 silly audit   'flat-cache': [ '3.2.0' ],
71 silly audit   flatted: [ '3.3.1' ],
71 silly audit   'follow-redirects': [ '1.15.6' ],
71 silly audit   'for-each': [ '0.3.3' ],
71 silly audit   'foreground-child': [ '3.2.1' ],
71 silly audit   'signal-exit': [ '4.1.0', '3.0.7' ],
71 silly audit   'fork-ts-checker-webpack-plugin': [ '6.5.3' ],
71 silly audit   'fs-extra': [ '9.1.0', '10.1.0' ],
71 silly audit   tapable: [ '1.1.3', '2.2.1' ],
71 silly audit   forwarded: [ '0.2.0' ],
71 silly audit   'fraction.js': [ '4.3.7' ],
71 silly audit   fresh: [ '0.5.2' ],
71 silly audit   'fs-monkey': [ '1.0.6' ],
71 silly audit   'fs.realpath': [ '1.0.0' ],
71 silly audit   fsevents: [ '2.3.3' ],
71 silly audit   'function-bind': [ '1.1.2' ],
71 silly audit   'function.prototype.name': [ '1.1.6' ],
71 silly audit   'functional-red-black-tree': [ '1.0.1' ],
71 silly audit   'functions-have-names': [ '1.2.3' ],
71 silly audit   gensync: [ '1.0.0-beta.2' ],
71 silly audit   'get-caller-file': [ '2.0.5' ],
71 silly audit   'get-intrinsic': [ '1.2.4' ],
71 silly audit   'get-own-enumerable-property-symbols': [ '3.0.2' ],
71 silly audit   'get-package-type': [ '0.1.0' ],
71 silly audit   'get-stream': [ '6.0.1' ],
71 silly audit   'get-symbol-description': [ '1.0.2' ],
71 silly audit   glob: [ '7.2.3', '10.4.5' ],
71 silly audit   'glob-to-regexp': [ '0.4.1' ],
71 silly audit   'global-modules': [ '2.0.0' ],
71 silly audit   'global-prefix': [ '3.0.0' ],
71 silly audit   which: [ '1.3.1', '2.0.2' ],
71 silly audit   globalthis: [ '1.0.4' ],
71 silly audit   globby: [ '11.1.0' ],
71 silly audit   gopd: [ '1.0.1' ],
71 silly audit   'graceful-fs': [ '4.2.11' ],
71 silly audit   graphemer: [ '1.4.0' ],
71 silly audit   'gzip-size': [ '6.0.0' ],
71 silly audit   'handle-thing': [ '2.0.1' ],
71 silly audit   'harmony-reflect': [ '1.6.2' ],
71 silly audit   'has-bigints': [ '1.0.2' ],
71 silly audit   'has-property-descriptors': [ '1.0.2' ],
71 silly audit   'has-proto': [ '1.0.3' ],
71 silly audit   'has-symbols': [ '1.0.3' ],
71 silly audit   'has-tostringtag': [ '1.0.2' ],
71 silly audit   hasown: [ '2.0.2' ],
71 silly audit   he: [ '1.2.0' ],
71 silly audit   'homedir-polyfill': [ '1.0.3' ],
71 silly audit   hoopy: [ '0.1.4' ],
71 silly audit   'hpack.js': [ '2.1.6' ],
71 silly audit   isarray: [ '1.0.0', '2.0.5' ],
71 silly audit   'readable-stream': [ '2.3.8', '3.6.2' ],
71 silly audit   string_decoder: [ '1.1.1', '1.3.0' ],
71 silly audit   'html-encoding-sniffer': [ '2.0.1' ],
71 silly audit   'html-entities': [ '2.5.2' ],
71 silly audit   'html-escaper': [ '2.0.2' ],
71 silly audit   'html-minifier-terser': [ '6.1.0' ],
71 silly audit   'html-webpack-plugin': [ '5.6.0' ],
71 silly audit   htmlparser2: [ '6.1.0' ],
71 silly audit   'http-deceiver': [ '1.2.7' ],
71 silly audit   'http-errors': [ '2.0.0', '1.6.3' ],
71 silly audit   'http-parser-js': [ '0.5.8' ],
71 silly audit   'http-proxy': [ '1.18.1' ],
71 silly audit   'http-proxy-agent': [ '4.0.1' ],
71 silly audit   'http-proxy-middleware': [ '2.0.6' ],
71 silly audit   'https-proxy-agent': [ '5.0.1' ],
71 silly audit   'human-signals': [ '2.1.0' ],
71 silly audit   'icss-utils': [ '5.1.0' ],
71 silly audit   idb: [ '7.1.1' ],
71 silly audit   'identity-obj-proxy': [ '3.0.0' ],
71 silly audit   'import-fresh': [ '3.3.0' ],
71 silly audit   'resolve-from': [ '4.0.0', '5.0.0' ],
71 silly audit   'import-local': [ '3.2.0' ],
71 silly audit   imurmurhash: [ '0.1.4' ],
71 silly audit   'indent-string': [ '4.0.0' ],
71 silly audit   inflight: [ '1.0.6' ],
71 silly audit   inherits: [ '2.0.4', '2.0.3' ],
71 silly audit   ini: [ '1.3.8' ],
71 silly audit   'internal-slot': [ '1.0.7' ],
71 silly audit   'ipaddr.js': [ '2.2.0', '1.9.1' ],
71 silly audit   'is-arguments': [ '1.1.1' ],
71 silly audit   'is-array-buffer': [ '3.0.4' ],
71 silly audit   'is-arrayish': [ '0.2.1' ],
71 silly audit   'is-async-function': [ '2.0.0' ],
71 silly audit   'is-bigint': [ '1.0.4' ],
71 silly audit   'is-binary-path': [ '2.1.0' ],
71 silly audit   'is-boolean-object': [ '1.1.2' ],
71 silly audit   'is-callable': [ '1.2.7' ],
71 silly audit   'is-core-module': [ '2.15.0' ],
71 silly audit   'is-data-view': [ '1.0.1' ],
71 silly audit   'is-date-object': [ '1.0.5' ],
71 silly audit   'is-docker': [ '2.2.1' ],
71 silly audit   'is-extglob': [ '2.1.1' ],
71 silly audit   'is-finalizationregistry': [ '1.0.2' ],
71 silly audit   'is-fullwidth-code-point': [ '3.0.0' ],
71 silly audit   'is-generator-fn': [ '2.1.0' ],
71 silly audit   'is-generator-function': [ '1.0.10' ],
71 silly audit   'is-glob': [ '4.0.3' ],
71 silly audit   'is-map': [ '2.0.3' ],
71 silly audit   'is-module': [ '1.0.0' ],
71 silly audit   'is-negative-zero': [ '2.0.3' ],
71 silly audit   'is-number': [ '7.0.0' ],
71 silly audit   'is-number-object': [ '1.0.7' ],
71 silly audit   'is-obj': [ '1.0.1' ],
71 silly audit   'is-path-inside': [ '3.0.3' ],
71 silly audit   'is-plain-obj': [ '3.0.0' ],
71 silly audit   'is-plain-object': [ '2.0.4' ],
71 silly audit   'is-potential-custom-element-name': [ '1.0.1' ],
71 silly audit   'is-regex': [ '1.1.4' ],
71 silly audit   'is-regexp': [ '1.0.0' ],
71 silly audit   'is-root': [ '2.1.0' ],
71 silly audit   'is-set': [ '2.0.3' ],
71 silly audit   'is-shared-array-buffer': [ '1.0.3' ],
71 silly audit   'is-stream': [ '2.0.1' ],
71 silly audit   'is-string': [ '1.0.7' ],
71 silly audit   'is-symbol': [ '1.0.4' ],
71 silly audit   'is-typed-array': [ '1.1.13' ],
71 silly audit   'is-typedarray': [ '1.0.0' ],
71 silly audit   'is-weakmap': [ '2.0.2' ],
71 silly audit   'is-weakref': [ '1.0.2' ],
71 silly audit   'is-weakset': [ '2.0.3' ],
71 silly audit   'is-wsl': [ '2.2.0' ],
71 silly audit   isexe: [ '2.0.0' ],
71 silly audit   isobject: [ '3.0.1' ],
71 silly audit   'istanbul-lib-coverage': [ '3.2.2' ],
71 silly audit   'istanbul-lib-report': [ '3.0.1' ],
71 silly audit   'istanbul-lib-source-maps': [ '4.0.1' ],
71 silly audit   'istanbul-reports': [ '3.1.7' ],
71 silly audit   'iterator.prototype': [ '1.1.2' ],
71 silly audit   jackspeak: [ '3.4.3' ],
71 silly audit   jake: [ '10.9.2' ],
71 silly audit   jest: [ '29.7.0', '27.5.1' ],
71 silly audit   'jest-changed-files': [ '29.7.0', '27.5.1' ],
71 silly audit   'p-limit': [ '3.1.0', '2.3.0' ],
71 silly audit   'jest-circus': [ '29.7.0', '27.5.1' ],
71 silly audit   'jest-cli': [ '29.7.0', '27.5.1' ],
71 silly audit   'jest-config': [ '29.7.0', '27.5.1' ],
71 silly audit   'jest-diff': [ '29.7.0', '27.5.1' ],
71 silly audit   'jest-docblock': [ '29.7.0', '27.5.1' ],
71 silly audit   'jest-each': [ '29.7.0', '27.5.1' ],
71 silly audit   'jest-environment-jsdom': [ '27.5.1' ],
71 silly audit   'jest-message-util': [ '27.5.1', '29.7.0', '28.1.3' ],
71 silly audit   'jest-mock': [ '27.5.1', '29.7.0' ],
71 silly audit   'jest-environment-node': [ '29.7.0', '27.5.1' ],
71 silly audit   'jest-jasmine2': [ '27.5.1' ],
71 silly audit   'jest-matcher-utils': [ '27.5.1', '29.7.0' ],
71 silly audit   'jest-runtime': [ '27.5.1', '29.7.0' ],
71 silly audit   'jest-snapshot': [ '27.5.1', '29.7.0' ],
71 silly audit   'jest-leak-detector': [ '29.7.0', '27.5.1' ],
71 silly audit   'jest-pnp-resolver': [ '1.2.3' ],
71 silly audit   'jest-resolve-dependencies': [ '29.7.0', '27.5.1' ],
71 silly audit   'jest-runner': [ '29.7.0', '27.5.1' ],
71 silly audit   'source-map-support': [ '0.5.13', '0.5.21' ],
71 silly audit   'jest-serializer': [ '27.5.1' ],
71 silly audit   'jest-watcher': [ '29.7.0', '28.1.3', '27.5.1' ],
71 silly audit   jiti: [ '1.21.6' ],
71 silly audit   'js-tokens': [ '4.0.0' ],
71 silly audit   'js-yaml': [ '3.14.1', '4.1.0' ],
71 silly audit   jsdom: [ '16.7.0' ],
71 silly audit   jsesc: [ '2.5.2', '0.5.0' ],
71 silly audit   'json-buffer': [ '3.0.1' ],
71 silly audit   'json-parse-even-better-errors': [ '2.3.1' ],
71 silly audit   'json-schema': [ '0.4.0' ],
71 silly audit   'json-stable-stringify-without-jsonify': [ '1.0.1' ],
71 silly audit   json5: [ '2.2.3', '1.0.2' ],
71 silly audit   jsonfile: [ '6.1.0' ],
71 silly audit   jsonpath: [ '1.1.1' ],
71 silly audit   jsonpointer: [ '5.0.1' ],
71 silly audit   jsonwebtoken: [ '9.0.2' ],
71 silly audit   'jsx-ast-utils': [ '3.3.5' ],
71 silly audit   jwa: [ '1.4.1' ],
71 silly audit   jws: [ '3.2.2' ],
71 silly audit   'jwt-decode': [ '4.0.0' ],
71 silly audit   kareem: [ '2.6.3' ],
71 silly audit   keyv: [ '4.5.4' ],
71 silly audit   'kind-of': [ '6.0.3' ],
71 silly audit   kleur: [ '3.0.3' ],
71 silly audit   klona: [ '2.0.6' ],
71 silly audit   'language-subtag-registry': [ '0.3.23' ],
71 silly audit   'language-tags': [ '1.0.9' ],
71 silly audit   'launch-editor': [ '2.8.0' ],
71 silly audit   leven: [ '3.1.0' ],
71 silly audit   levn: [ '0.4.1', '0.3.0' ],
71 silly audit   lilconfig: [ '2.1.0', '3.1.2' ],
71 silly audit   'lines-and-columns': [ '1.2.4' ],
71 silly audit   'loader-runner': [ '4.3.0' ],
71 silly audit   'loader-utils': [ '2.0.4', '3.3.1' ],
71 silly audit   lodash: [ '4.17.21' ],
71 silly audit   'lodash.debounce': [ '4.0.8' ],
71 silly audit   'lodash.includes': [ '4.3.0' ],
71 silly audit   'lodash.isboolean': [ '3.0.3' ],
71 silly audit   'lodash.isinteger': [ '4.0.4' ],
71 silly audit   'lodash.isnumber': [ '3.0.3' ],
71 silly audit   'lodash.isplainobject': [ '4.0.6' ],
71 silly audit   'lodash.isstring': [ '4.0.1' ],
71 silly audit   'lodash.memoize': [ '4.1.2' ],
71 silly audit   'lodash.merge': [ '4.6.2' ],
71 silly audit   'lodash.once': [ '4.1.1' ],
71 silly audit   'lodash.sortby': [ '4.7.0' ],
71 silly audit   'lodash.truncate': [ '4.4.2' ],
71 silly audit   'lodash.uniq': [ '4.5.0' ],
71 silly audit   'loose-envify': [ '1.4.0' ],
71 silly audit   'lower-case': [ '2.0.2' ],
71 silly audit   'lru-cache': [ '5.1.1', '10.4.3' ],
71 silly audit   'lz-string': [ '1.5.0' ],
71 silly audit   'magic-string': [ '0.25.9' ],
71 silly audit   makeerror: [ '1.0.12' ],
71 silly audit   'media-typer': [ '0.3.0' ],
71 silly audit   memfs: [ '3.5.3' ],
71 silly audit   'memory-pager': [ '1.5.0' ],
71 silly audit   'merge-descriptors': [ '1.0.1' ],
71 silly audit   'merge-stream': [ '2.0.0' ],
71 silly audit   merge2: [ '1.4.1' ],
71 silly audit   methods: [ '1.1.2' ],
71 silly audit   micromatch: [ '4.0.7' ],
71 silly audit   mime: [ '1.6.0' ],
71 silly audit   'mime-db': [ '1.52.0' ],
71 silly audit   'mime-types': [ '2.1.35' ],
71 silly audit   'mimic-fn': [ '2.1.0' ],
71 silly audit   'min-indent': [ '1.0.1' ],
71 silly audit   'mini-css-extract-plugin': [ '2.9.0' ],
71 silly audit   'minimalistic-assert': [ '1.0.1' ],
71 silly audit   minimist: [ '1.2.8' ],
71 silly audit   minipass: [ '7.1.2' ],
71 silly audit   mkdirp: [ '0.5.6' ],
71 silly audit   mongodb: [ '6.7.0' ],
71 silly audit   'mongodb-connection-string-url': [ '3.0.1' ],
71 silly audit   tr46: [ '4.1.1', '2.1.0', '1.0.1' ],
71 silly audit   'whatwg-url': [ '13.0.0', '8.7.0', '7.1.0' ],
71 silly audit   mongoose: [ '8.5.1' ],
71 silly audit   mpath: [ '0.9.0' ],
71 silly audit   mquery: [ '5.0.0' ],
71 silly audit   'multicast-dns': [ '7.2.5' ],
71 silly audit   mz: [ '2.7.0' ],
71 silly audit   nanoid: [ '3.3.7' ],
71 silly audit   'natural-compare': [ '1.4.0' ],
71 silly audit   'natural-compare-lite': [ '1.4.0' ],
71 silly audit   negotiator: [ '0.6.3' ],
71 silly audit   'neo-async': [ '2.6.2' ],
71 silly audit   'no-case': [ '3.0.4' ],
71 silly audit   'node-environment-flags': [ '1.0.6' ],
71 silly audit   'node-forge': [ '1.3.1' ],
71 silly audit   'node-int64': [ '0.4.0' ],
71 silly audit   'node-releases': [ '2.0.18' ],
71 silly audit   'normalize-path': [ '3.0.0' ],
71 silly audit   'normalize-range': [ '0.1.2' ],
71 silly audit   'normalize-url': [ '6.1.0' ],
71 silly audit   'npm-run-path': [ '4.0.1' ],
71 silly audit   'nth-check': [ '2.1.1', '1.0.2' ],
71 silly audit   nwsapi: [ '2.2.12' ],
71 silly audit   'object-assign': [ '4.1.1' ],
71 silly audit   'object-hash': [ '3.0.0' ],
71 silly audit   'object-inspect': [ '1.13.2' ],
71 silly audit   'object-is': [ '1.1.6' ],
71 silly audit   'object-keys': [ '1.1.1' ],
71 silly audit   'object.assign': [ '4.1.5' ],
71 silly audit   'object.entries': [ '1.1.8' ],
71 silly audit   'object.fromentries': [ '2.0.8' ],
71 silly audit   'object.getownpropertydescriptors': [ '2.1.8' ],
71 silly audit   'object.groupby': [ '1.0.3' ],
71 silly audit   'object.values': [ '1.2.0' ],
71 silly audit   obuf: [ '1.1.2' ],
71 silly audit   'on-finished': [ '2.4.1' ],
71 silly audit   'on-headers': [ '1.0.2' ],
71 silly audit   once: [ '1.4.0' ],
71 silly audit   onetime: [ '5.1.2' ],
71 silly audit   open: [ '8.4.2' ],
71 silly audit   optionator: [ '0.9.4', '0.8.3' ],
71 silly audit   'p-retry': [ '4.6.2' ],
71 silly audit   'p-try': [ '2.2.0' ],
71 silly audit   'package-json-from-dist': [ '1.0.0' ],
71 silly audit   'param-case': [ '3.0.4' ],
71 silly audit   'parent-module': [ '1.0.1' ],
71 silly audit   'parse-json': [ '5.2.0' ],
71 silly audit   'parse-passwd': [ '1.0.0' ],
71 silly audit   parse5: [ '6.0.1' ],
71 silly audit   parseurl: [ '1.3.3' ],
71 silly audit   'pascal-case': [ '3.1.2' ],
71 silly audit   'path-is-absolute': [ '1.0.1' ],
71 silly audit   'path-key': [ '3.1.1' ],
71 silly audit   'path-parse': [ '1.0.7' ],
71 silly audit   'path-scurry': [ '1.11.1' ],
71 silly audit   'path-to-regexp': [ '0.1.7' ],
71 silly audit   'path-type': [ '4.0.0' ],
71 silly audit   'performance-now': [ '2.1.0' ],
71 silly audit   picocolors: [ '1.0.1', '0.2.1' ],
71 silly audit   picomatch: [ '2.3.1' ],
71 silly audit   pirates: [ '4.0.6' ],
71 silly audit   'pkg-up': [ '3.1.0' ],
71 silly audit   'possible-typed-array-names': [ '1.0.0' ],
71 silly audit   postcss: [ '8.4.40', '7.0.39' ],
71 silly audit   'postcss-attribute-case-insensitive': [ '5.0.2' ],
71 silly audit   'postcss-browser-comments': [ '4.0.0' ],
71 silly audit   'postcss-calc': [ '8.2.4' ],
71 silly audit   'postcss-clamp': [ '4.1.0' ],
71 silly audit   'postcss-color-functional-notation': [ '4.2.4' ],
71 silly audit   'postcss-color-hex-alpha': [ '8.0.4' ],
71 silly audit   'postcss-color-rebeccapurple': [ '7.1.1' ],
71 silly audit   'postcss-colormin': [ '5.3.1' ],
71 silly audit   'postcss-convert-values': [ '5.1.3' ],
71 silly audit   'postcss-custom-media': [ '8.0.2' ],
71 silly audit   'postcss-custom-properties': [ '12.1.11' ],
71 silly audit   'postcss-custom-selectors': [ '6.0.3' ],
71 silly audit   'postcss-dir-pseudo-class': [ '6.0.5' ],
71 silly audit   'postcss-discard-comments': [ '5.1.2' ],
71 silly audit   'postcss-discard-duplicates': [ '5.1.0' ],
71 silly audit   'postcss-discard-empty': [ '5.1.1' ],
71 silly audit   'postcss-discard-overridden': [ '5.1.0' ],
71 silly audit   'postcss-double-position-gradients': [ '3.1.2' ],
71 silly audit   'postcss-env-function': [ '4.0.6' ],
71 silly audit   'postcss-flexbugs-fixes': [ '5.0.2' ],
71 silly audit   'postcss-focus-visible': [ '6.0.4' ],
71 silly audit   'postcss-focus-within': [ '5.0.4' ],
71 silly audit   'postcss-font-variant': [ '5.0.0' ],
71 silly audit   'postcss-gap-properties': [ '3.0.5' ],
71 silly audit   'postcss-image-set-function': [ '4.0.7' ],
71 silly audit   'postcss-import': [ '15.1.0' ],
71 silly audit   'postcss-initial': [ '4.0.1' ],
71 silly audit   'postcss-js': [ '4.0.1' ],
71 silly audit   'postcss-lab-function': [ '4.2.1' ],
71 silly audit   'postcss-load-config': [ '4.0.2' ],
71 silly audit   yaml: [ '2.5.0', '1.10.2' ],
71 silly audit   'postcss-loader': [ '6.2.1' ],
71 silly audit   'postcss-logical': [ '5.0.4' ],
71 silly audit   'postcss-media-minmax': [ '5.0.0' ],
71 silly audit   'postcss-merge-longhand': [ '5.1.7' ],
71 silly audit   'postcss-merge-rules': [ '5.1.4' ],
71 silly audit   'postcss-minify-font-values': [ '5.1.0' ],
71 silly audit   'postcss-minify-gradients': [ '5.1.1' ],
71 silly audit   'postcss-minify-params': [ '5.1.4' ],
71 silly audit   'postcss-minify-selectors': [ '5.2.1' ],
71 silly audit   'postcss-modules-extract-imports': [ '3.1.0' ],
71 silly audit   'postcss-modules-local-by-default': [ '4.0.5' ],
71 silly audit   'postcss-modules-scope': [ '3.2.0' ],
71 silly audit   'postcss-modules-values': [ '4.0.0' ],
71 silly audit   'postcss-nested': [ '6.2.0' ],
71 silly audit   'postcss-nesting': [ '10.2.0' ],
71 silly audit   'postcss-normalize': [ '10.0.1' ],
71 silly audit   'postcss-normalize-charset': [ '5.1.0' ],
71 silly audit   'postcss-normalize-display-values': [ '5.1.0' ],
71 silly audit   'postcss-normalize-positions': [ '5.1.1' ],
71 silly audit   'postcss-normalize-repeat-style': [ '5.1.1' ],
71 silly audit   'postcss-normalize-string': [ '5.1.0' ],
71 silly audit   'postcss-normalize-timing-functions': [ '5.1.0' ],
71 silly audit   'postcss-normalize-unicode': [ '5.1.1' ],
71 silly audit   'postcss-normalize-url': [ '5.1.0' ],
71 silly audit   'postcss-normalize-whitespace': [ '5.1.1' ],
71 silly audit   'postcss-opacity-percentage': [ '1.1.3' ],
71 silly audit   'postcss-ordered-values': [ '5.1.3' ],
71 silly audit   'postcss-overflow-shorthand': [ '3.0.4' ],
71 silly audit   'postcss-page-break': [ '3.0.4' ],
71 silly audit   'postcss-place': [ '7.0.5' ],
71 silly audit   'postcss-preset-env': [ '7.8.3' ],
71 silly audit   'postcss-pseudo-class-any-link': [ '7.1.6' ],
71 silly audit   'postcss-reduce-initial': [ '5.1.2' ],
71 silly audit   'postcss-reduce-transforms': [ '5.1.0' ],
71 silly audit   'postcss-replace-overflow-wrap': [ '4.0.0' ],
71 silly audit   'postcss-selector-not': [ '6.0.1' ],
71 silly audit   'postcss-selector-parser': [ '6.1.1' ],
71 silly audit   'postcss-svgo': [ '5.1.0' ],
71 silly audit   svgo: [ '2.8.0', '1.3.2' ],
71 silly audit   'postcss-unique-selectors': [ '5.1.1' ],
71 silly audit   'postcss-value-parser': [ '4.2.0' ],
71 silly audit   'prelude-ls': [ '1.2.1', '1.1.2' ],
71 silly audit   'pretty-bytes': [ '5.6.0' ],
71 silly audit   'pretty-error': [ '4.0.0' ],
71 silly audit   'process-nextick-args': [ '2.0.1' ],
71 silly audit   progress: [ '2.0.3' ],
71 silly audit   promise: [ '8.3.0' ],
71 silly audit   prompts: [ '2.4.2' ],
71 silly audit   'prop-types': [ '15.8.1' ],
71 silly audit   'proxy-addr': [ '2.0.7' ],
71 silly audit   'proxy-from-env': [ '1.1.0' ],
71 silly audit   psl: [ '1.9.0' ],
71 silly audit   punycode: [ '2.3.1' ],
71 silly audit   'pure-rand': [ '6.1.0' ],
71 silly audit   q: [ '1.5.1' ],
71 silly audit   qs: [ '6.11.0' ],
71 silly audit   querystringify: [ '2.2.0' ],
71 silly audit   'queue-microtask': [ '1.2.3' ],
71 silly audit   raf: [ '3.4.1' ],
71 silly audit   randombytes: [ '2.1.0' ],
71 silly audit   'range-parser': [ '1.2.1' ],
71 silly audit   'raw-body': [ '2.5.2' ],
71 silly audit   react: [ '18.3.1' ],
71 silly audit   'react-app-polyfill': [ '3.0.0' ],
71 silly audit   'regenerator-runtime': [ '0.13.11', '0.14.1' ],
71 silly audit   'react-dev-utils': [ '12.0.1' ],
71 silly audit   'react-dom': [ '18.3.1' ],
71 silly audit   'react-error-overlay': [ '6.0.11' ],
71 silly audit   'react-redux': [ '9.1.2' ],
71 silly audit   'react-refresh': [ '0.11.0' ],
71 silly audit   'react-router': [ '6.26.2' ],
71 silly audit   'react-router-dom': [ '6.26.2' ],
71 silly audit   'react-scripts': [ '5.0.1' ],
71 silly audit   '@typescript-eslint/experimental-utils': [ '5.62.0' ],
71 silly audit   'eslint-config-react-app': [ '7.0.1' ],
71 silly audit   'eslint-plugin-flowtype': [ '8.0.3' ],
71 silly audit   'eslint-plugin-jest': [ '25.7.0' ],
71 silly audit   'jest-watch-typeahead': [ '1.1.0' ],
71 silly audit   slash: [ '3.0.0', '4.0.0' ],
71 silly audit   'string-length': [ '4.0.2', '5.0.1' ],
71 silly audit   'v8-to-istanbul': [ '8.1.1', '9.3.0' ],
71 silly audit   yargs: [ '16.2.0', '17.7.2' ],
71 silly audit   'yargs-parser': [ '20.2.9', '21.1.1' ],
71 silly audit   'read-cache': [ '1.0.0' ],
71 silly audit   readdirp: [ '3.6.0' ],
71 silly audit   'recursive-readdir': [ '2.2.3' ],
71 silly audit   redent: [ '3.0.0' ],
71 silly audit   redux: [ '5.0.1' ],
71 silly audit   'redux-thunk': [ '3.1.0' ],
71 silly audit   'reflect.getprototypeof': [ '1.0.6' ],
71 silly audit   regenerate: [ '1.4.2' ],
71 silly audit   'regenerate-unicode-properties': [ '10.1.1' ],
71 silly audit   'regenerator-transform': [ '0.15.2' ],
71 silly audit   'regex-parser': [ '2.3.0' ],
71 silly audit   'regexp.prototype.flags': [ '1.5.2' ],
71 silly audit   regexpp: [ '3.2.0' ],
71 silly audit   'regexpu-core': [ '5.3.2' ],
71 silly audit   regjsparser: [ '0.9.1' ],
71 silly audit   relateurl: [ '0.2.7' ],
71 silly audit   renderkid: [ '3.0.0' ],
71 silly audit   'require-directory': [ '2.1.1' ],
71 silly audit   'require-from-string': [ '2.0.2' ],
71 silly audit   'requires-port': [ '1.0.0' ],
71 silly audit   reselect: [ '5.1.1' ],
71 silly audit   'resolve-cwd': [ '3.0.0' ],
71 silly audit   'resolve-url-loader': [ '4.0.0' ],
71 silly audit   retry: [ '0.13.1' ],
71 silly audit   reusify: [ '1.0.4' ],
71 silly audit   rimraf: [ '3.0.2' ],
71 silly audit   rollup: [ '2.79.1' ],
71 silly audit   'rollup-plugin-terser': [ '7.0.2' ],
71 silly audit   'serialize-javascript': [ '4.0.0', '6.0.2' ],
71 silly audit   'run-parallel': [ '1.2.0' ],
71 silly audit   'safe-array-concat': [ '1.1.2' ],
71 silly audit   'safe-regex-test': [ '1.0.3' ],
71 silly audit   'safer-buffer': [ '2.1.2' ],
71 silly audit   'sanitize.css': [ '13.0.0' ],
71 silly audit   'sass-loader': [ '12.6.0' ],
71 silly audit   sax: [ '1.2.4' ],
71 silly audit   saxes: [ '5.0.1' ],
71 silly audit   scheduler: [ '0.23.2' ],
71 silly audit   'select-hose': [ '2.0.0' ],
71 silly audit   selfsigned: [ '2.4.1' ],
71 silly audit   send: [ '0.18.0' ],
71 silly audit   'serve-index': [ '1.9.1' ],
71 silly audit   setprototypeof: [ '1.1.0', '1.2.0' ],
71 silly audit   statuses: [ '1.5.0', '2.0.1' ],
71 silly audit   'serve-static': [ '1.15.0' ],
71 silly audit   'set-function-length': [ '1.2.2' ],
71 silly audit   'set-function-name': [ '2.0.2' ],
71 silly audit   'shallow-clone': [ '3.0.1' ],
71 silly audit   'shebang-command': [ '2.0.0' ],
71 silly audit   'shebang-regex': [ '3.0.0' ],
71 silly audit   'shell-quote': [ '1.8.1' ],
71 silly audit   'side-channel': [ '1.0.6' ],
71 silly audit   sift: [ '17.1.3' ],
71 silly audit   sisteransi: [ '1.0.5' ],
71 silly audit   'slice-ansi': [ '4.0.0' ],
71 silly audit   sockjs: [ '0.3.24' ],
71 silly audit   'source-list-map': [ '2.0.1' ],
71 silly audit   'source-map-js': [ '1.2.0' ],
71 silly audit   'source-map-loader': [ '3.0.2' ],
71 silly audit   'sourcemap-codec': [ '1.4.8' ],
71 silly audit   'sparse-bitfield': [ '3.0.3' ],
71 silly audit   spdy: [ '4.0.2' ],
71 silly audit   'spdy-transport': [ '3.0.0' ],
71 silly audit   'sprintf-js': [ '1.0.3' ],
71 silly audit   stable: [ '0.1.8' ],
71 silly audit   'stack-utils': [ '2.0.6' ],
71 silly audit   stackframe: [ '1.3.4' ],
71 silly audit   'static-eval': [ '2.0.2' ],
71 silly audit   'type-check': [ '0.3.2', '0.4.0' ],
71 silly audit   'stop-iteration-iterator': [ '1.0.0' ],
71 silly audit   'string-natural-compare': [ '3.0.1' ],
71 silly audit   'string.prototype.includes': [ '2.0.0' ],
71 silly audit   'string.prototype.matchall': [ '4.0.11' ],
71 silly audit   'string.prototype.repeat': [ '1.0.0' ],
71 silly audit   'string.prototype.trim': [ '1.2.9' ],
71 silly audit   'string.prototype.trimend': [ '1.0.8' ],
71 silly audit   'string.prototype.trimstart': [ '1.0.8' ],
71 silly audit   'stringify-object': [ '3.3.0' ],
71 silly audit   'strip-bom': [ '4.0.0', '3.0.0' ],
71 silly audit   'strip-comments': [ '2.0.1' ],
71 silly audit   'strip-final-newline': [ '2.0.0' ],
71 silly audit   'strip-indent': [ '3.0.0' ],
71 silly audit   'strip-json-comments': [ '3.1.1' ],
71 silly audit   'style-loader': [ '3.3.4' ],
71 silly audit   stylehacks: [ '5.1.1' ],
71 silly audit   sucrase: [ '3.35.0' ],
71 silly audit   'supports-hyperlinks': [ '2.3.0' ],
71 silly audit   'supports-preserve-symlinks-flag': [ '1.0.0' ],
71 silly audit   'svg-parser': [ '2.0.4' ],
71 silly audit   'symbol-tree': [ '3.2.4' ],
71 silly audit   table: [ '6.8.2' ],
71 silly audit   tailwindcss: [ '3.4.7' ],
71 silly audit   'temp-dir': [ '2.0.0' ],
71 silly audit   tempy: [ '0.6.0' ],
71 silly audit   'terminal-link': [ '2.1.1' ],
71 silly audit   terser: [ '5.31.3' ],
71 silly audit   'terser-webpack-plugin': [ '5.3.10' ],
71 silly audit   'test-exclude': [ '6.0.0' ],
71 silly audit   'text-table': [ '0.2.0' ],
71 silly audit   thenify: [ '3.3.1' ],
71 silly audit   'thenify-all': [ '1.6.0' ],
71 silly audit   throat: [ '6.0.2' ],
71 silly audit   thunky: [ '1.1.0' ],
71 silly audit   tmpl: [ '1.0.5' ],
71 silly audit   'to-fast-properties': [ '2.0.0' ],
71 silly audit   'to-regex-range': [ '5.0.1' ],
71 silly audit   toidentifier: [ '1.0.1' ],
71 silly audit   'tough-cookie': [ '4.1.4' ],
71 silly audit   universalify: [ '0.2.0', '2.0.1' ],
71 silly audit   tryer: [ '1.0.1' ],
71 silly audit   'ts-interface-checker': [ '0.1.13' ],
71 silly audit   'tsconfig-paths': [ '3.15.0' ],
71 silly audit   tslib: [ '2.6.3', '1.14.1' ],
71 silly audit   tsutils: [ '3.21.0' ],
71 silly audit   'type-detect': [ '4.0.8' ],
71 silly audit   'type-is': [ '1.6.18' ],
71 silly audit   'typed-array-buffer': [ '1.0.2' ],
71 silly audit   'typed-array-byte-length': [ '1.0.1' ],
71 silly audit   'typed-array-byte-offset': [ '1.0.2' ],
71 silly audit   'typed-array-length': [ '1.0.6' ],
71 silly audit   'typedarray-to-buffer': [ '3.1.5' ],
71 silly audit   typescript: [ '4.9.5' ],
71 silly audit   'unbox-primitive': [ '1.0.2' ],
71 silly audit   underscore: [ '1.12.1' ],
71 silly audit   'undici-types': [ '5.26.5' ],
71 silly audit   'unicode-canonical-property-names-ecmascript': [ '2.0.0' ],
71 silly audit   'unicode-match-property-ecmascript': [ '2.0.0' ],
71 silly audit   'unicode-match-property-value-ecmascript': [ '2.1.0' ],
71 silly audit   'unicode-property-aliases-ecmascript': [ '2.1.0' ],
71 silly audit   'unique-string': [ '2.0.0' ],
71 silly audit   unpipe: [ '1.0.0' ],
71 silly audit   unquote: [ '1.1.1' ],
71 silly audit   upath: [ '1.2.0' ],
71 silly audit   'update-browserslist-db': [ '1.1.0' ],
71 silly audit   'uri-js': [ '4.4.1' ],
71 silly audit   'url-parse': [ '1.5.10' ],
71 silly audit   'use-sync-external-store': [ '1.2.2' ],
71 silly audit   'util-deprecate': [ '1.0.2' ],
71 silly audit   'util.promisify': [ '1.0.1' ],
71 silly audit   utila: [ '0.4.0' ],
71 silly audit   'utils-merge': [ '1.0.1' ],
71 silly audit   uuid: [ '8.3.2' ],
71 silly audit   'v8-compile-cache': [ '2.4.0' ],
71 silly audit   v8flags: [ '3.2.0' ],
71 silly audit   validator: [ '13.12.0' ],
71 silly audit   vary: [ '1.1.2' ],
71 silly audit   'w3c-hr-time': [ '1.0.2' ],
71 silly audit   'w3c-xmlserializer': [ '2.0.0' ],
71 silly audit   walker: [ '1.0.8' ],
71 silly audit   watchpack: [ '2.4.1' ],
71 silly audit   wbuf: [ '1.7.3' ],
71 silly audit   'web-vitals': [ '4.2.2' ],
71 silly audit   webpack: [ '5.93.0' ],
71 silly audit   'webpack-dev-middleware': [ '5.3.4' ],
71 silly audit   'webpack-dev-server': [ '4.15.2' ],
71 silly audit   ws: [ '8.18.0', '7.5.10' ],
71 silly audit   'webpack-manifest-plugin': [ '4.1.1' ],
71 silly audit   'webpack-sources': [ '2.3.1', '3.2.3', '1.4.3' ],
71 silly audit   'websocket-driver': [ '0.7.4' ],
71 silly audit   'websocket-extensions': [ '0.1.4' ],
71 silly audit   'whatwg-encoding': [ '1.0.5' ],
71 silly audit   'whatwg-fetch': [ '3.6.20' ],
71 silly audit   'whatwg-mimetype': [ '2.3.0' ],
71 silly audit   'which-boxed-primitive': [ '1.0.2' ],
71 silly audit   'which-builtin-type': [ '1.1.4' ],
71 silly audit   'which-collection': [ '1.0.2' ],
71 silly audit   'which-typed-array': [ '1.1.15' ],
71 silly audit   'word-wrap': [ '1.2.5' ],
71 silly audit   'workbox-background-sync': [ '6.6.0' ],
71 silly audit   'workbox-broadcast-update': [ '6.6.0' ],
71 silly audit   'workbox-build': [ '6.6.0' ],
71 silly audit   '@apideck/better-ajv-errors': [ '0.3.6' ],
71 silly audit   'workbox-cacheable-response': [ '6.6.0' ],
71 silly audit   'workbox-core': [ '6.6.0' ],
71 silly audit   'workbox-expiration': [ '6.6.0' ],
71 silly audit   'workbox-google-analytics': [ '6.6.0' ],
71 silly audit   'workbox-navigation-preload': [ '6.6.0' ],
71 silly audit   'workbox-precaching': [ '6.6.0' ],
71 silly audit   'workbox-range-requests': [ '6.6.0' ],
71 silly audit   'workbox-recipes': [ '6.6.0' ],
71 silly audit   'workbox-routing': [ '6.6.0' ],
71 silly audit   'workbox-strategies': [ '6.6.0' ],
71 silly audit   'workbox-streams': [ '6.6.0' ],
71 silly audit   'workbox-sw': [ '6.6.0' ],
71 silly audit   'workbox-webpack-plugin': [ '6.6.0' ],
71 silly audit   'workbox-window': [ '6.6.0' ],
71 silly audit   wrappy: [ '1.0.2' ],
71 silly audit   'xml-name-validator': [ '3.0.0' ],
71 silly audit   xml2js: [ '0.6.2' ],
71 silly audit   xmlbuilder: [ '11.0.1' ],
71 silly audit   xmlchars: [ '2.2.0' ],
71 silly audit   y18n: [ '5.0.8' ],
71 silly audit   yallist: [ '3.1.1' ],
71 silly audit   'yocto-queue': [ '0.1.0' ],
71 silly audit   multer: [ '1.4.5-lts.1' ],
71 silly audit   'append-field': [ '1.0.0' ],
71 silly audit   busboy: [ '1.6.0' ],
71 silly audit   'concat-stream': [ '1.6.2' ],
71 silly audit   xtend: [ '4.0.2' ],
71 silly audit   streamsearch: [ '1.1.0' ],
71 silly audit   typedarray: [ '0.0.6' ]
71 silly audit }
72 verbose reify failed optional dependency C:\Users\Bravin\A_stories\s_weaver\node_modules\fsevents
73 silly reify mark deleted [ 'C:\\Users\\Bravin\\A_stories\\s_weaver\\node_modules\\fsevents' ]
74 silly tarball no local data for typedarray@https://registry.npmjs.org/typedarray/-/typedarray-0.0.6.tgz. Extracting by manifest.
75 silly tarball no local data for streamsearch@https://registry.npmjs.org/streamsearch/-/streamsearch-1.1.0.tgz. Extracting by manifest.
76 silly tarball no local data for xtend@https://registry.npmjs.org/xtend/-/xtend-4.0.2.tgz. Extracting by manifest.
77 silly tarball no local data for concat-stream@https://registry.npmjs.org/concat-stream/-/concat-stream-1.6.2.tgz. Extracting by manifest.
78 silly tarball no local data for busboy@https://registry.npmjs.org/busboy/-/busboy-1.6.0.tgz. Extracting by manifest.
79 silly tarball no local data for append-field@https://registry.npmjs.org/append-field/-/append-field-1.0.0.tgz. Extracting by manifest.
80 silly tarball no local data for multer@https://registry.npmjs.org/multer/-/multer-1.4.5-lts.1.tgz. Extracting by manifest.
81 silly tarball no local data for string_decoder@https://registry.npmjs.org/string_decoder/-/string_decoder-1.1.1.tgz. Extracting by manifest.
82 silly tarball no local data for safe-buffer@https://registry.npmjs.org/safe-buffer/-/safe-buffer-5.1.2.tgz. Extracting by manifest.
83 silly tarball no local data for isarray@https://registry.npmjs.org/isarray/-/isarray-1.0.0.tgz. Extracting by manifest.
84 silly tarball no local data for readable-stream@https://registry.npmjs.org/readable-stream/-/readable-stream-2.3.8.tgz. Extracting by manifest.
85 http fetch GET 200 https://registry.npmjs.org/typedarray/-/typedarray-0.0.6.tgz 244ms (cache miss)
86 http fetch GET 200 https://registry.npmjs.org/streamsearch/-/streamsearch-1.1.0.tgz 311ms (cache miss)
87 http fetch POST 200 https://registry.npmjs.org/-/npm/v1/security/advisories/bulk 820ms
88 silly audit report {
88 silly audit report   'body-parser': [
88 silly audit report     {
88 silly audit report       id: 1099520,
88 silly audit report       url: 'https://github.com/advisories/GHSA-qwcr-r2fm-qrc7',
88 silly audit report       title: 'body-parser vulnerable to denial of service when url encoding is enabled',
88 silly audit report       severity: 'high',
88 silly audit report       vulnerable_versions: '<1.20.3',
88 silly audit report       cwe: [Array],
88 silly audit report       cvss: [Object]
88 silly audit report     }
88 silly audit report   ],
88 silly audit report   express: [
88 silly audit report     {
88 silly audit report       id: 1099529,
88 silly audit report       url: 'https://github.com/advisories/GHSA-qw6h-vgh9-j6wx',
88 silly audit report       title: 'express vulnerable to XSS via response.redirect()',
88 silly audit report       severity: 'moderate',
88 silly audit report       vulnerable_versions: '<4.20.0',
88 silly audit report       cwe: [Array],
88 silly audit report       cvss: [Object]
88 silly audit report     }
88 silly audit report   ],
88 silly audit report   micromatch: [
88 silly audit report     {
88 silly audit report       id: 1098681,
88 silly audit report       url: 'https://github.com/advisories/GHSA-952p-6rrq-rcjv',
88 silly audit report       title: 'Regular Expression Denial of Service (ReDoS) in micromatch',
88 silly audit report       severity: 'moderate',
88 silly audit report       vulnerable_versions: '<4.0.8',
88 silly audit report       cwe: [Array],
88 silly audit report       cvss: [Object]
88 silly audit report     }
88 silly audit report   ],
88 silly audit report   'nth-check': [
88 silly audit report     {
88 silly audit report       id: 1095141,
88 silly audit report       url: 'https://github.com/advisories/GHSA-rp65-9cf3-cjxr',
88 silly audit report       title: 'Inefficient Regular Expression Complexity in nth-check',
88 silly audit report       severity: 'high',
88 silly audit report       vulnerable_versions: '<2.0.1',
88 silly audit report       cwe: [Array],
88 silly audit report       cvss: [Object]
88 silly audit report     }
88 silly audit report   ],
88 silly audit report   'path-to-regexp': [
88 silly audit report     {
88 silly audit report       id: 1099562,
88 silly audit report       url: 'https://github.com/advisories/GHSA-9wv6-86v2-598j',
88 silly audit report       title: 'path-to-regexp outputs backtracking regular expressions',
88 silly audit report       severity: 'high',
88 silly audit report       vulnerable_versions: '<0.1.10',
88 silly audit report       cwe: [Array],
88 silly audit report       cvss: [Object]
88 silly audit report     }
88 silly audit report   ],
88 silly audit report   postcss: [
88 silly audit report     {
88 silly audit report       id: 1094544,
88 silly audit report       url: 'https://github.com/advisories/GHSA-7fh5-64p2-3v2j',
88 silly audit report       title: 'PostCSS line return parsing error',
88 silly audit report       severity: 'moderate',
88 silly audit report       vulnerable_versions: '<8.4.31',
88 silly audit report       cwe: [Array],
88 silly audit report       cvss: [Object]
88 silly audit report     }
88 silly audit report   ],
88 silly audit report   rollup: [
88 silly audit report     {
88 silly audit report       id: 1099718,
88 silly audit report       url: 'https://github.com/advisories/GHSA-gcx4-mw62-g8wm',
88 silly audit report       title: 'DOM Clobbering Gadget found in rollup bundled scripts that leads to XSS',
88 silly audit report       severity: 'high',
88 silly audit report       vulnerable_versions: '<3.29.5',
88 silly audit report       cwe: [Array],
88 silly audit report       cvss: [Object]
88 silly audit report     }
88 silly audit report   ],
88 silly audit report   send: [
88 silly audit report     {
88 silly audit report       id: 1099525,
88 silly audit report       url: 'https://github.com/advisories/GHSA-m6fv-jmcg-4jfg',
88 silly audit report       title: 'send vulnerable to template injection that can lead to XSS',
88 silly audit report       severity: 'moderate',
88 silly audit report       vulnerable_versions: '<0.19.0',
88 silly audit report       cwe: [Array],
88 silly audit report       cvss: [Object]
88 silly audit report     }
88 silly audit report   ],
88 silly audit report   'serve-static': [
88 silly audit report     {
88 silly audit report       id: 1099527,
88 silly audit report       url: 'https://github.com/advisories/GHSA-cm22-4g7w-348p',
88 silly audit report       title: 'serve-static vulnerable to template injection that can lead to XSS',
88 silly audit report       severity: 'moderate',
88 silly audit report       vulnerable_versions: '<1.16.0',
88 silly audit report       cwe: [Array],
88 silly audit report       cvss: [Object]
88 silly audit report     }
88 silly audit report   ],
88 silly audit report   webpack: [
88 silly audit report     {
88 silly audit report       id: 1099351,
88 silly audit report       url: 'https://github.com/advisories/GHSA-4vvj-4cpr-p986',
88 silly audit report       title: "Webpack's AutoPublicPathRuntimeModule has a DOM Clobbering Gadget that leads to XSS",
88 silly audit report       severity: 'moderate',
88 silly audit report       vulnerable_versions: '>=5.0.0-alpha.0 <5.94.0',
88 silly audit report       cwe: [Array],
88 silly audit report       cvss: [Object]
88 silly audit report     }
88 silly audit report   ]
88 silly audit report }
89 silly packumentCache corgi:https://registry.npmjs.org/body-parser cache-miss
90 silly packumentCache corgi:https://registry.npmjs.org/express cache-miss
91 silly packumentCache corgi:https://registry.npmjs.org/micromatch cache-miss
92 silly packumentCache corgi:https://registry.npmjs.org/nth-check cache-miss
93 silly packumentCache corgi:https://registry.npmjs.org/path-to-regexp cache-miss
94 silly packumentCache corgi:https://registry.npmjs.org/postcss cache-miss
95 silly packumentCache corgi:https://registry.npmjs.org/rollup cache-miss
96 silly packumentCache corgi:https://registry.npmjs.org/send cache-miss
97 silly packumentCache corgi:https://registry.npmjs.org/serve-static cache-miss
98 silly packumentCache corgi:https://registry.npmjs.org/webpack cache-miss
99 http fetch GET 200 https://registry.npmjs.org/concat-stream/-/concat-stream-1.6.2.tgz 1100ms (cache miss)
100 warn tar TAR_ENTRY_ERROR EPERM: operation not permitted, unlink 'C:\Users\Bravin\A_stories\s_weaver\node_modules\concat-stream\node_modules\readable-stream\lib\_stream_readable.js.DELETE.dc4bf1129f67718d5f3602626094fb4f'
101 silly tar TAR_ENTRY_ERROR EPERM: operation not permitted, unlink 'C:\Users\Bravin\A_stories\s_weaver\node_modules\concat-stream\node_modules\readable-stream\lib\_stream_readable.js.DELETE.dc4bf1129f67718d5f3602626094fb4f' [Error: EPERM: operation not permitted, unlink 'C:\Users\Bravin\A_stories\s_weaver\node_modules\concat-stream\node_modules\readable-stream\lib\_stream_readable.js.DELETE.dc4bf1129f67718d5f3602626094fb4f'] {
101 silly tar   errno: -4048,
101 silly tar   code: 'EPERM',
101 silly tar   syscall: 'unlink',
101 silly tar   path: 'C:\\Users\\Bravin\\A_stories\\s_weaver\\node_modules\\concat-stream\\node_modules\\readable-stream\\lib\\_stream_readable.js.DELETE.dc4bf1129f67718d5f3602626094fb4f',
101 silly tar   entry: ReadEntry {
101 silly tar     _events: [Object: null prototype] {
101 silly tar       end: [Function (anonymous)],
101 silly tar       drain: [Function]
101 silly tar     },
101 silly tar     _eventsCount: 2,
101 silly tar     _maxListeners: undefined,
101 silly tar     writable: true,
101 silly tar     readable: true,
101 silly tar     extended: null,
101 silly tar     globalExtended: null,
101 silly tar     header: Header {
101 silly tar       cksumValid: true,
101 silly tar       needPax: false,
101 silly tar       nullBlock: false,
101 silly tar       block: null,
101 silly tar       path: 'package/lib/_stream_readable.js',
101 silly tar       mode: 420,
101 silly tar       uid: null,
101 silly tar       gid: null,
101 silly tar       size: 31426,
101 silly tar       mtime: 1985-10-26T08:15:00.000Z,
101 silly tar       cksum: 6052,
101 silly tar       linkpath: '',
101 silly tar       uname: '',
101 silly tar       gname: '',
101 silly tar       devmaj: 0,
101 silly tar       devmin: 0,
101 silly tar       atime: null,
101 silly tar       ctime: null,
101 silly tar       [Symbol(type)]: '0'
101 silly tar     },
101 silly tar     startBlockSize: 31744,
101 silly tar     blockRemain: 29706,
101 silly tar     remain: 29388,
101 silly tar     type: 'File',
101 silly tar     meta: false,
101 silly tar     ignore: false,
101 silly tar     path: 'lib/_stream_readable.js',
101 silly tar     mode: 438,
101 silly tar     uid: null,
101 silly tar     gid: null,
101 silly tar     uname: '',
101 silly tar     gname: '',
101 silly tar     size: 31426,
101 silly tar     mtime: 1985-10-26T08:15:00.000Z,
101 silly tar     atime: null,
101 silly tar     ctime: null,
101 silly tar     linkpath: '',
101 silly tar     absolute: 'C:/Users/Bravin/A_stories/s_weaver/node_modules/concat-stream/node_modules/readable-stream/lib/_stream_readable.js',
101 silly tar     [Symbol(shapeMode)]: false,
101 silly tar     [Symbol(kCapture)]: false,
101 silly tar     [Symbol(flowing)]: false,
101 silly tar     [Symbol(paused)]: true,
101 silly tar     [Symbol(pipes)]: [],
101 silly tar     [Symbol(buffer)]: [
101 silly tar       <Buffer 2f 2f 20 43 6f 70 79 72 69 67 68 74 20 4a 6f 79 65 6e 74 2c 20 49 6e 63 2e 20 61 6e 64 20 6f 74 68 65 72 20 4e 6f 64 65 20 63 6f 6e 74 72 69 62 75 74 ... 1988 more bytes>
101 silly tar     ],
101 silly tar     [Symbol(objectMode)]: false,
101 silly tar     [Symbol(encoding)]: null,
101 silly tar     [Symbol(async)]: false,
101 silly tar     [Symbol(decoder)]: null,
101 silly tar     [Symbol(EOF)]: false,
101 silly tar     [Symbol(emittedEnd)]: false,
101 silly tar     [Symbol(emittingEnd)]: false,
101 silly tar     [Symbol(closed)]: false,
101 silly tar     [Symbol(emittedError)]: null,
101 silly tar     [Symbol(bufferLength)]: 2038,
101 silly tar     [Symbol(destroyed)]: false,
101 silly tar     [Symbol(signal)]: undefined,
101 silly tar     [Symbol(aborted)]: false
101 silly tar   },
101 silly tar   cwd: 'C:/Users/Bravin/A_stories/s_weaver/node_modules/concat-stream/node_modules/readable-stream',
101 silly tar   tarCode: 'TAR_ENTRY_ERROR'
101 silly tar }
102 http fetch GET 200 https://registry.npmjs.org/string_decoder/-/string_decoder-1.1.1.tgz 1357ms (cache miss)
103 http fetch GET 200 https://registry.npmjs.org/xtend/-/xtend-4.0.2.tgz 1525ms (cache miss)
104 http fetch GET 200 https://registry.npmjs.org/isarray/-/isarray-1.0.0.tgz 1549ms (cache miss)
105 http fetch GET 200 https://registry.npmjs.org/nth-check 731ms (cache revalidated)
106 silly packumentCache corgi:https://registry.npmjs.org/nth-check set size:10078 disposed:false
107 http fetch GET 200 https://registry.npmjs.org/safe-buffer/-/safe-buffer-5.1.2.tgz 1589ms (cache miss)
108 http fetch GET 200 https://registry.npmjs.org/body-parser 844ms (cache miss)
109 silly packumentCache corgi:https://registry.npmjs.org/body-parser set size:undefined disposed:false
110 http fetch GET 200 https://registry.npmjs.org/append-field/-/append-field-1.0.0.tgz 1662ms (cache miss)
111 http fetch GET 200 https://registry.npmjs.org/micromatch 862ms (cache miss)
112 silly packumentCache corgi:https://registry.npmjs.org/micromatch set size:undefined disposed:false
113 http fetch GET 200 https://registry.npmjs.org/send 841ms (cache miss)
114 silly packumentCache corgi:https://registry.npmjs.org/send set size:undefined disposed:false
115 http fetch GET 200 https://registry.npmjs.org/path-to-regexp 870ms (cache miss)
116 silly packumentCache corgi:https://registry.npmjs.org/path-to-regexp set size:undefined disposed:false
117 http fetch GET 200 https://registry.npmjs.org/serve-static 858ms (cache miss)
118 silly packumentCache corgi:https://registry.npmjs.org/serve-static set size:undefined disposed:false
119 http fetch GET 200 https://registry.npmjs.org/express 957ms (cache miss)
120 silly packumentCache corgi:https://registry.npmjs.org/express set size:undefined disposed:false
121 http fetch GET 200 https://registry.npmjs.org/multer/-/multer-1.4.5-lts.1.tgz 1935ms (cache miss)
122 http fetch GET 200 https://registry.npmjs.org/postcss 1135ms (cache updated)
123 silly packumentCache corgi:https://registry.npmjs.org/postcss set size:undefined disposed:false
124 http fetch GET 200 https://registry.npmjs.org/busboy/-/busboy-1.6.0.tgz 2424ms (cache miss)
125 http fetch GET 200 https://registry.npmjs.org/webpack 1565ms (cache miss)
126 silly packumentCache corgi:https://registry.npmjs.org/webpack set size:undefined disposed:false
127 http fetch GET 200 https://registry.npmjs.org/rollup 1759ms (cache miss)
128 silly packumentCache corgi:https://registry.npmjs.org/rollup set size:undefined disposed:false
129 silly packumentCache corgi:https://registry.npmjs.org/webpack-dev-server cache-miss
130 http fetch GET 200 https://registry.npmjs.org/readable-stream/-/readable-stream-2.3.8.tgz 2881ms (cache miss)
131 http fetch GET 200 https://registry.npmjs.org/webpack-dev-server 4180ms (cache miss)
132 silly packumentCache corgi:https://registry.npmjs.org/webpack-dev-server set size:undefined disposed:false
133 silly packumentCache corgi:https://registry.npmjs.org/@jest%2fcore cache-miss
134 silly packumentCache corgi:https://registry.npmjs.org/@jest%2ftransform cache-miss
135 silly packumentCache corgi:https://registry.npmjs.org/jest-haste-map cache-miss
136 silly packumentCache corgi:https://registry.npmjs.org/eslint-webpack-plugin cache-miss
137 silly packumentCache corgi:https://registry.npmjs.org/fast-glob cache-miss
138 silly packumentCache corgi:https://registry.npmjs.org/http-proxy-middleware cache-miss
139 silly packumentCache corgi:https://registry.npmjs.org/jest-config cache-miss
140 silly packumentCache corgi:https://registry.npmjs.org/jest-message-util cache-miss
141 silly packumentCache corgi:https://registry.npmjs.org/tailwindcss cache-miss
142 http fetch GET 200 https://registry.npmjs.org/http-proxy-middleware 620ms (cache miss)
143 silly packumentCache corgi:https://registry.npmjs.org/http-proxy-middleware set size:undefined disposed:false
144 http fetch GET 200 https://registry.npmjs.org/jest-haste-map 650ms (cache miss)
145 silly packumentCache corgi:https://registry.npmjs.org/jest-haste-map set size:undefined disposed:false
146 http fetch GET 200 https://registry.npmjs.org/fast-glob 703ms (cache miss)
147 silly packumentCache corgi:https://registry.npmjs.org/fast-glob set size:undefined disposed:false
148 http fetch GET 200 https://registry.npmjs.org/eslint-webpack-plugin 713ms (cache miss)
149 silly packumentCache corgi:https://registry.npmjs.org/eslint-webpack-plugin set size:undefined disposed:false
150 http fetch GET 200 https://registry.npmjs.org/jest-message-util 737ms (cache miss)
151 silly packumentCache corgi:https://registry.npmjs.org/jest-message-util set size:undefined disposed:false
152 http fetch GET 200 https://registry.npmjs.org/jest-config 792ms (cache miss)
153 silly packumentCache corgi:https://registry.npmjs.org/jest-config set size:undefined disposed:false
154 http fetch GET 200 https://registry.npmjs.org/@jest%2fcore 1025ms (cache miss)
155 silly packumentCache corgi:https://registry.npmjs.org/@jest%2fcore set size:undefined disposed:false
156 http fetch GET 200 https://registry.npmjs.org/@jest%2ftransform 1048ms (cache miss)
157 silly packumentCache corgi:https://registry.npmjs.org/@jest%2ftransform set size:undefined disposed:false
158 http fetch GET 200 https://registry.npmjs.org/tailwindcss 1175ms (cache miss)
159 silly packumentCache corgi:https://registry.npmjs.org/tailwindcss set size:undefined disposed:false
160 silly packumentCache corgi:https://registry.npmjs.org/css-select cache-miss
161 http fetch GET 200 https://registry.npmjs.org/css-select 316ms (cache revalidated)
162 silly packumentCache corgi:https://registry.npmjs.org/css-select set size:44393 disposed:false
163 silly packumentCache corgi:https://registry.npmjs.org/resolve-url-loader cache-miss
164 http fetch GET 200 https://registry.npmjs.org/resolve-url-loader 172ms (cache revalidated)
165 silly packumentCache corgi:https://registry.npmjs.org/resolve-url-loader set size:61938 disposed:false
166 silly packumentCache corgi:https://registry.npmjs.org/@rollup%2fplugin-babel cache-miss
167 silly packumentCache corgi:https://registry.npmjs.org/@rollup%2fplugin-node-resolve cache-miss
168 silly packumentCache corgi:https://registry.npmjs.org/@rollup%2fplugin-replace cache-miss
169 silly packumentCache corgi:https://registry.npmjs.org/@rollup%2fpluginutils cache-miss
170 silly packumentCache corgi:https://registry.npmjs.org/rollup-plugin-terser cache-miss
171 silly packumentCache corgi:https://registry.npmjs.org/workbox-build cache-miss
172 http fetch GET 200 https://registry.npmjs.org/rollup-plugin-terser 312ms (cache miss)
173 silly packumentCache corgi:https://registry.npmjs.org/rollup-plugin-terser set size:undefined disposed:false
174 http fetch GET 200 https://registry.npmjs.org/workbox-build 400ms (cache miss)
175 silly packumentCache corgi:https://registry.npmjs.org/workbox-build set size:undefined disposed:false
176 http fetch GET 200 https://registry.npmjs.org/@rollup%2fplugin-replace 481ms (cache miss)
177 silly packumentCache corgi:https://registry.npmjs.org/@rollup%2fplugin-replace set size:undefined disposed:false
178 http fetch GET 200 https://registry.npmjs.org/@rollup%2fplugin-node-resolve 572ms (cache miss)
179 silly packumentCache corgi:https://registry.npmjs.org/@rollup%2fplugin-node-resolve set size:undefined disposed:false
180 http fetch GET 200 https://registry.npmjs.org/@rollup%2fplugin-babel 664ms (cache miss)
181 silly packumentCache corgi:https://registry.npmjs.org/@rollup%2fplugin-babel set size:undefined disposed:false
182 http fetch GET 200 https://registry.npmjs.org/@rollup%2fpluginutils 665ms (cache miss)
183 silly packumentCache corgi:https://registry.npmjs.org/@rollup%2fpluginutils set size:undefined disposed:false
184 silly packumentCache corgi:https://registry.npmjs.org/@pmmmwh%2freact-refresh-webpack-plugin cache-miss
185 silly packumentCache corgi:https://registry.npmjs.org/babel-loader cache-miss
186 silly packumentCache corgi:https://registry.npmjs.org/css-loader cache-miss
187 silly packumentCache corgi:https://registry.npmjs.org/css-minimizer-webpack-plugin cache-miss
188 silly packumentCache corgi:https://registry.npmjs.org/file-loader cache-miss
189 silly packumentCache corgi:https://registry.npmjs.org/fork-ts-checker-webpack-plugin cache-miss
190 silly packumentCache corgi:https://registry.npmjs.org/html-webpack-plugin cache-miss
191 silly packumentCache corgi:https://registry.npmjs.org/mini-css-extract-plugin cache-miss
192 silly packumentCache corgi:https://registry.npmjs.org/postcss-loader cache-miss
193 silly packumentCache corgi:https://registry.npmjs.org/react-scripts cache-miss
194 silly packumentCache corgi:https://registry.npmjs.org/sass-loader cache-miss
195 silly packumentCache corgi:https://registry.npmjs.org/source-map-loader cache-miss
196 silly packumentCache corgi:https://registry.npmjs.org/style-loader cache-miss
197 silly packumentCache corgi:https://registry.npmjs.org/terser-webpack-plugin cache-miss
198 silly packumentCache corgi:https://registry.npmjs.org/webpack-dev-middleware cache-miss
199 silly packumentCache corgi:https://registry.npmjs.org/webpack-manifest-plugin cache-miss
200 silly packumentCache corgi:https://registry.npmjs.org/workbox-webpack-plugin cache-miss
201 http fetch GET 200 https://registry.npmjs.org/react-scripts 715ms (cache revalidated)
202 silly packumentCache corgi:https://registry.npmjs.org/react-scripts set size:340205 disposed:false
203 http fetch GET 200 https://registry.npmjs.org/babel-loader 892ms (cache miss)
204 silly packumentCache corgi:https://registry.npmjs.org/babel-loader set size:undefined disposed:false
205 http fetch GET 200 https://registry.npmjs.org/source-map-loader 878ms (cache miss)
206 silly packumentCache corgi:https://registry.npmjs.org/source-map-loader set size:undefined disposed:false
207 http fetch GET 200 https://registry.npmjs.org/style-loader 886ms (cache miss)
208 silly packumentCache corgi:https://registry.npmjs.org/style-loader set size:undefined disposed:false
209 http fetch GET 200 https://registry.npmjs.org/postcss-loader 923ms (cache miss)
210 silly packumentCache corgi:https://registry.npmjs.org/postcss-loader set size:undefined disposed:false
211 http fetch GET 200 https://registry.npmjs.org/file-loader 975ms (cache miss)
212 silly packumentCache corgi:https://registry.npmjs.org/file-loader set size:undefined disposed:false
213 http fetch GET 200 https://registry.npmjs.org/mini-css-extract-plugin 961ms (cache miss)
214 silly packumentCache corgi:https://registry.npmjs.org/mini-css-extract-plugin set size:undefined disposed:false
215 http fetch GET 200 https://registry.npmjs.org/css-minimizer-webpack-plugin 1037ms (cache miss)
216 silly packumentCache corgi:https://registry.npmjs.org/css-minimizer-webpack-plugin set size:undefined disposed:false
217 http fetch GET 200 https://registry.npmjs.org/css-loader 1053ms (cache miss)
218 silly packumentCache corgi:https://registry.npmjs.org/css-loader set size:undefined disposed:false
219 http fetch GET 200 https://registry.npmjs.org/workbox-webpack-plugin 1007ms (cache miss)
220 silly packumentCache corgi:https://registry.npmjs.org/workbox-webpack-plugin set size:undefined disposed:false
221 http fetch GET 200 https://registry.npmjs.org/@pmmmwh%2freact-refresh-webpack-plugin 1108ms (cache miss)
222 silly packumentCache corgi:https://registry.npmjs.org/@pmmmwh%2freact-refresh-webpack-plugin set size:undefined disposed:false
223 http fetch GET 200 https://registry.npmjs.org/sass-loader 1092ms (cache miss)
224 silly packumentCache corgi:https://registry.npmjs.org/sass-loader set size:undefined disposed:false
225 http fetch GET 200 https://registry.npmjs.org/webpack-manifest-plugin 1266ms (cache miss)
226 silly packumentCache corgi:https://registry.npmjs.org/webpack-manifest-plugin set size:undefined disposed:false
227 http fetch GET 200 https://registry.npmjs.org/html-webpack-plugin 1442ms (cache miss)
228 silly packumentCache corgi:https://registry.npmjs.org/html-webpack-plugin set size:undefined disposed:false
229 http fetch GET 200 https://registry.npmjs.org/webpack-dev-middleware 1822ms (cache miss)
230 silly packumentCache corgi:https://registry.npmjs.org/webpack-dev-middleware set size:undefined disposed:false
231 http fetch GET 200 https://registry.npmjs.org/fork-ts-checker-webpack-plugin 1873ms (cache miss)
232 silly packumentCache corgi:https://registry.npmjs.org/fork-ts-checker-webpack-plugin set size:undefined disposed:false
233 http fetch GET 200 https://registry.npmjs.org/terser-webpack-plugin 1924ms (cache miss)
234 silly packumentCache corgi:https://registry.npmjs.org/terser-webpack-plugin set size:undefined disposed:false
235 silly packumentCache corgi:https://registry.npmjs.org/svgo cache-miss
236 http fetch GET 200 https://registry.npmjs.org/svgo 168ms (cache updated)
237 silly packumentCache corgi:https://registry.npmjs.org/svgo set size:undefined disposed:false
238 silly packumentCache corgi:https://registry.npmjs.org/@svgr%2fplugin-svgo cache-miss
239 http fetch GET 200 https://registry.npmjs.org/@svgr%2fplugin-svgo 146ms (cache revalidated)
240 silly packumentCache corgi:https://registry.npmjs.org/@svgr%2fplugin-svgo set size:36570 disposed:false
241 silly packumentCache corgi:https://registry.npmjs.org/@svgr%2fwebpack cache-miss
242 http fetch GET 200 https://registry.npmjs.org/@svgr%2fwebpack 220ms (cache revalidated)
243 silly packumentCache corgi:https://registry.npmjs.org/@svgr%2fwebpack set size:85201 disposed:false
244 silly ADD node_modules/typedarray
245 silly ADD node_modules/streamsearch
246 silly ADD node_modules/xtend
247 silly ADD node_modules/concat-stream
248 silly ADD node_modules/concat-stream/node_modules/string_decoder
249 silly ADD node_modules/concat-stream/node_modules/safe-buffer
250 silly ADD node_modules/concat-stream/node_modules/isarray
251 silly ADD node_modules/concat-stream/node_modules/readable-stream
252 silly ADD node_modules/busboy
253 silly ADD node_modules/append-field
254 silly ADD node_modules/multer
255 silly ADD
256 verbose cwd C:\Users\Bravin\A_stories\s_weaver\backend
257 verbose os Windows_NT 10.0.19045
258 verbose node v20.15.0
259 verbose npm  v10.8.2
260 notice
260 notice New [36mpatch[39m version of npm available! [36m10.8.2[39m -> [34m10.8.3[39m
260 notice Changelog: [34mhttps://github.com/npm/cli/releases/tag/v10.8.3[39m
260 notice To update run: [4mnpm install -g npm@10.8.3[24m
260 notice  { force: true, [Symbol(proc-log.meta)]: true }
261 verbose exit 0
262 info ok
