0 verbose cli C:\Program Files\nodejs\node.exe C:\Program Files\nodejs\node_modules\npm\bin\npm-cli.js
1 info using npm@10.7.0
2 info using node@v20.15.0
3 silly config:load:file:C:\Program Files\nodejs\node_modules\npm\npmrc
4 silly config:load:file:C:\Users\Bravin\A_stories\s_weaver\.npmrc
5 silly config:load:file:C:\Users\Bravin\.npmrc
6 silly config:load:file:C:\Users\Bravin\A_stories\s_weaver\src\components\UsersBravinAppDataRoamingnpm\etc\npmrc
7 verbose title npm exec eslint --fix .\Dashboard.js
8 verbose argv "exec" "--" "eslint" "--fix" ".\\Dashboard.js"
9 verbose logfile logs-max:10 dir:C:\Users\Bravin\A_stories\s_weaver\src\components\UsersBravinAppDataLocalnpm-cache\_logs\2024-08-11T15_50_00_584Z-
10 verbose logfile C:\Users\Bravin\A_stories\s_weaver\src\components\UsersBravinAppDataLocalnpm-cache\_logs\2024-08-11T15_50_00_584Z-debug-0.log
11 silly logfile done cleaning log files
12 http fetch GET 200 https://registry.npmjs.org/npm 3425ms
13 notice
13 notice New [33mminor[39m version of npm available! [33m10.7.0[39m -> [34m10.8.2[39m
13 notice Changelog: [34mhttps://github.com/npm/cli/releases/tag/v10.8.2[39m
13 notice To update run: [4mnpm install -g npm@10.8.2[24m
13 notice  { force: true, [Symbol(proc-log.meta)]: true }
14 verbose exit 1
15 verbose code 1
