0 verbose cli C:\Program Files\nodejs\node.exe C:\Users\Bravin\A_stories\UsersBravinAppDataRoamingnpm\node_modules\npm\bin\npm-cli.js
1 info using npm@10.8.2
2 info using node@v20.15.0
3 silly config load:file:C:\Users\Bravin\A_stories\UsersBravinAppDataRoamingnpm\node_modules\npm\npmrc
4 silly config load:file:C:\Users\Bravin\.npmrc
5 silly config load:file:C:\Users\Bravin\A_stories\UsersBravinAppDataRoamingnpm\etc\npmrc
6 verbose title npm exec gh-pages -d build
7 verbose argv "exec" "--" "gh-pages" "-d" "build"
8 verbose logfile logs-max:10 dir:C:\Users\Bravin\A_stories\UsersBravinAppDataLocalnpm-cache\_logs\2024-10-13T21_50_53_757Z-
9 verbose logfile C:\Users\Bravin\A_stories\UsersBravinAppDataLocalnpm-cache\_logs\2024-10-13T21_50_53_757Z-debug-0.log
10 silly logfile start cleaning logs, removing 1 files
11 silly logfile done cleaning log files
12 http fetch GET 200 https://registry.npmjs.org/npm 1279ms
13 verbose cwd C:\Users\Bravin\A_stories
14 verbose os Windows_NT 10.0.19045
15 verbose node v20.15.0
16 verbose npm  v10.8.2
17 notice
17 notice New [33mminor[39m version of npm available! [33m10.8.2[39m -> [34m10.9.0[39m
17 notice Changelog: [34mhttps://github.com/npm/cli/releases/tag/v10.9.0[39m
17 notice To update run: [4mnpm install -g npm@10.9.0[24m
17 notice  { force: true, [Symbol(proc-log.meta)]: true }
18 verbose exit 1
19 verbose code 1
