0 verbose cli C:\Program Files\nodejs\node.exe C:\Users\Bravin\A_stories\UsersBravinAppDataRoamingnpm\node_modules\npm\bin\npm-cli.js
1 info using npm@10.8.2
2 info using node@v20.15.0
3 silly config load:file:C:\Users\Bravin\A_stories\UsersBravinAppDataRoamingnpm\node_modules\npm\npmrc
4 silly config load:file:C:\Users\Bravin\.npmrc
5 silly config load:file:C:\Users\Bravin\A_stories\UsersBravinAppDataRoamingnpm\etc\npmrc
6 verbose title npm run build
7 verbose argv "run" "build"
8 verbose logfile logs-max:10 dir:C:\Users\Bravin\A_stories\UsersBravinAppDataLocalnpm-cache\_logs\2024-10-13T21_51_41_666Z-
9 verbose logfile C:\Users\Bravin\A_stories\UsersBravinAppDataLocalnpm-cache\_logs\2024-10-13T21_51_41_666Z-debug-0.log
10 silly logfile start cleaning logs, removing 1 files
11 silly logfile done cleaning log files
12 verbose stack Error: Missing script: "build"
12 verbose stack
12 verbose stack To see a list of scripts, run:
12 verbose stack   npm run
12 verbose stack     at #run (C:\Users\Bravin\A_stories\UsersBravinAppDataRoamingnpm\node_modules\npm\lib\commands\run-script.js:110:13)
12 verbose stack     at async RunScript.exec (C:\Users\Bravin\A_stories\UsersBravinAppDataRoamingnpm\node_modules\npm\lib\commands\run-script.js:39:7)
12 verbose stack     at async Npm.exec (C:\Users\Bravin\A_stories\UsersBravinAppDataRoamingnpm\node_modules\npm\lib\npm.js:207:9)
12 verbose stack     at async module.exports (C:\Users\Bravin\A_stories\UsersBravinAppDataRoamingnpm\node_modules\npm\lib\cli\entry.js:74:5)
13 error Missing script: "build"
13 error
13 error To see a list of scripts, run:
13 error   npm run
14 verbose cwd C:\Users\Bravin\A_stories
15 verbose os Windows_NT 10.0.19045
16 verbose node v20.15.0
17 verbose npm  v10.8.2
18 verbose exit 1
19 verbose code 1
20 error A complete log of this run can be found in: C:\Users\Bravin\A_stories\UsersBravinAppDataLocalnpm-cache\_logs\2024-10-13T21_51_41_666Z-debug-0.log
