0 verbose cli C:\Program Files\nodejs\node.exe C:\Users\Bravin\A_stories\UsersBravinAppDataRoamingnpm\node_modules\npm\bin\npm-cli.js
1 info using npm@10.8.2
2 info using node@v20.15.0
3 silly config load:file:C:\Users\Bravin\A_stories\UsersBravinAppDataRoamingnpm\node_modules\npm\npmrc
4 silly config load:file:C:\Users\Bravin\.npmrc
5 silly config load:file:C:\Users\Bravin\A_stories\UsersBravinAppDataRoamingnpm\etc\npmrc
6 verbose title npm uninstall create-react-app
7 verbose argv "uninstall" "--global" "create-react-app"
8 verbose logfile logs-max:10 dir:C:\Users\Bravin\A_stories\UsersBravinAppDataLocalnpm-cache\_logs\2024-07-26T20_43_30_138Z-
9 verbose logfile C:\Users\Bravin\A_stories\UsersBravinAppDataLocalnpm-cache\_logs\2024-07-26T20_43_30_138Z-debug-0.log
10 silly packumentCache heap:2197815296 maxSize:549453824 maxEntrySize:274726912
11 silly logfile start cleaning logs, removing 1 files
12 silly idealTree buildDeps
13 silly logfile done cleaning log files
14 silly reify moves {}
15 verbose cwd C:\Users\Bravin\A_stories
16 verbose os Windows_NT 10.0.19045
17 verbose node v20.15.0
18 verbose npm  v10.8.2
19 verbose exit 0
20 info ok
